Symlinking /home/tomer/cogrob_project/devel/include/pal_tablet_msgs/RobotStatus.h
Symlinking /home/tomer/cogrob_project/devel/include/pal_tablet_msgs/FunctionalityStatus.h
Symlinking /home/tomer/cogrob_project/devel/share/common-lisp/ros/pal_tablet_msgs/msg/RobotStatus.lisp
Symlinking /home/tomer/cogrob_project/devel/share/common-lisp/ros/pal_tablet_msgs/msg/FunctionalityStatus.lisp
Symlinking /home/tomer/cogrob_project/devel/share/common-lisp/ros/pal_tablet_msgs/msg/_package_RobotStatus.lisp
Symlinking /home/tomer/cogrob_project/devel/share/common-lisp/ros/pal_tablet_msgs/msg/pal_tablet_msgs-msg.asd
Symlinking /home/tomer/cogrob_project/devel/share/common-lisp/ros/pal_tablet_msgs/msg/_package.lisp
Symlinking /home/tomer/cogrob_project/devel/share/common-lisp/ros/pal_tablet_msgs/msg/_package_FunctionalityStatus.lisp
Symlinking /home/tomer/cogrob_project/devel/share/roseus/ros/pal_tablet_msgs/manifest.l
Symlinking /home/tomer/cogrob_project/devel/share/roseus/ros/pal_tablet_msgs/msg/RobotStatus.l
Symlinking /home/tomer/cogrob_project/devel/share/roseus/ros/pal_tablet_msgs/msg/FunctionalityStatus.l
Symlinking /home/tomer/cogrob_project/devel/share/pal_tablet_msgs/cmake/pal_tablet_msgsConfig-version.cmake
Symlinking /home/tomer/cogrob_project/devel/share/pal_tablet_msgs/cmake/pal_tablet_msgs-msg-paths.cmake
Symlinking /home/tomer/cogrob_project/devel/share/pal_tablet_msgs/cmake/pal_tablet_msgsConfig.cmake
Symlinking /home/tomer/cogrob_project/devel/share/pal_tablet_msgs/cmake/pal_tablet_msgs-msg-extras.cmake
Symlinking /home/tomer/cogrob_project/devel/share/gennodejs/ros/pal_tablet_msgs/_index.js
Symlinking /home/tomer/cogrob_project/devel/share/gennodejs/ros/pal_tablet_msgs/msg/RobotStatus.js
Symlinking /home/tomer/cogrob_project/devel/share/gennodejs/ros/pal_tablet_msgs/msg/_index.js
Symlinking /home/tomer/cogrob_project/devel/share/gennodejs/ros/pal_tablet_msgs/msg/FunctionalityStatus.js
Symlinking /home/tomer/cogrob_project/devel/lib/python3/dist-packages/pal_tablet_msgs/__init__.py
Symlinking /home/tomer/cogrob_project/devel/lib/python3/dist-packages/pal_tablet_msgs/msg/__init__.py
Symlinking /home/tomer/cogrob_project/devel/lib/python3/dist-packages/pal_tablet_msgs/msg/_FunctionalityStatus.py
Symlinking /home/tomer/cogrob_project/devel/lib/python3/dist-packages/pal_tablet_msgs/msg/_RobotStatus.py
Symlinking /home/tomer/cogrob_project/devel/lib/pkgconfig/pal_tablet_msgs.pc
