[35m[1mScanning dependencies of target geometry_msgs_generate_messages_eus[0m
[  0%] Built target geometry_msgs_generate_messages_eus
[35m[1mScanning dependencies of target std_msgs_generate_messages_py[0m
[  0%] Built target std_msgs_generate_messages_py
[35m[1mScanning dependencies of target _mode_state_controller_generate_messages_check_deps_ModeState[0m
[  0%] Built target _mode_state_controller_generate_messages_check_deps_ModeState
[35m[1mScanning dependencies of target std_msgs_generate_messages_lisp[0m
[  0%] Built target std_msgs_generate_messages_lisp
[35m[1mScanning dependencies of target roscpp_generate_messages_lisp[0m
[  0%] Built target roscpp_generate_messages_lisp
[35m[1mScanning dependencies of target geometry_msgs_generate_messages_cpp[0m
[  0%] Built target geometry_msgs_generate_messages_cpp
[35m[1mScanning dependencies of target geometry_msgs_generate_messages_nodejs[0m
[  0%] Built target geometry_msgs_generate_messages_nodejs
[35m[1mScanning dependencies of target rosgraph_msgs_generate_messages_eus[0m
[  0%] Built target rosgraph_msgs_generate_messages_eus
[35m[1mScanning dependencies of target std_msgs_generate_messages_cpp[0m
[  0%] Built target std_msgs_generate_messages_cpp
[35m[1mScanning dependencies of target rosgraph_msgs_generate_messages_cpp[0m
[  0%] Built target rosgraph_msgs_generate_messages_cpp
[35m[1mScanning dependencies of target roscpp_generate_messages_nodejs[0m
[  0%] Built target roscpp_generate_messages_nodejs
[35m[1mScanning dependencies of target std_msgs_generate_messages_eus[0m
[  0%] Built target std_msgs_generate_messages_eus
[35m[1mScanning dependencies of target geometry_msgs_generate_messages_lisp[0m
[  0%] Built target geometry_msgs_generate_messages_lisp
[35m[1mScanning dependencies of target rosgraph_msgs_generate_messages_nodejs[0m
[  0%] Built target rosgraph_msgs_generate_messages_nodejs
[35m[1mScanning dependencies of target roscpp_generate_messages_eus[0m
[  0%] Built target roscpp_generate_messages_eus
[35m[1mScanning dependencies of target std_msgs_generate_messages_nodejs[0m
[  0%] Built target std_msgs_generate_messages_nodejs
[35m[1mScanning dependencies of target sensor_msgs_generate_messages_lisp[0m
[  0%] Built target sensor_msgs_generate_messages_lisp
[35m[1mScanning dependencies of target sensor_msgs_generate_messages_nodejs[0m
[  0%] Built target sensor_msgs_generate_messages_nodejs
[35m[1mScanning dependencies of target sensor_msgs_generate_messages_py[0m
[  0%] Built target sensor_msgs_generate_messages_py
[35m[1mScanning dependencies of target geometry_msgs_generate_messages_py[0m
[  0%] Built target geometry_msgs_generate_messages_py
[35m[1mScanning dependencies of target roscpp_generate_messages_py[0m
[  0%] Built target roscpp_generate_messages_py
[35m[1mScanning dependencies of target rosgraph_msgs_generate_messages_py[0m
[  0%] Built target rosgraph_msgs_generate_messages_py
[35m[1mScanning dependencies of target mode_state_controller_generate_messages_eus[0m
[ 11%] [34m[1mGenerating EusLisp code from mode_state_controller/ModeState.msg[0m
[ 22%] [34m[1mGenerating EusLisp manifest code for mode_state_controller[0m
[ 22%] Built target mode_state_controller_generate_messages_eus
[35m[1mScanning dependencies of target rosgraph_msgs_generate_messages_lisp[0m
[ 22%] Built target rosgraph_msgs_generate_messages_lisp
[35m[1mScanning dependencies of target roscpp_generate_messages_cpp[0m
[ 22%] Built target roscpp_generate_messages_cpp
[35m[1mScanning dependencies of target sensor_msgs_generate_messages_eus[0m
[ 22%] Built target sensor_msgs_generate_messages_eus
[35m[1mScanning dependencies of target sensor_msgs_generate_messages_cpp[0m
[ 22%] Built target sensor_msgs_generate_messages_cpp
[35m[1mScanning dependencies of target mode_state_controller_generate_messages_py[0m
[ 33%] [34m[1mGenerating Python from MSG mode_state_controller/ModeState[0m
[ 44%] [34m[1mGenerating Python msg __init__.py for mode_state_controller[0m
[ 44%] Built target mode_state_controller_generate_messages_py
[35m[1mScanning dependencies of target mode_state_controller_generate_messages_lisp[0m
[ 55%] [34m[1mGenerating Lisp code from mode_state_controller/ModeState.msg[0m
[ 55%] Built target mode_state_controller_generate_messages_lisp
[35m[1mScanning dependencies of target mode_state_controller_generate_messages_cpp[0m
[ 66%] [34m[1mGenerating C++ code from mode_state_controller/ModeState.msg[0m
[ 66%] Built target mode_state_controller_generate_messages_cpp
[35m[1mScanning dependencies of target mode_state_controller_generate_messages_nodejs[0m
[ 77%] [34m[1mGenerating Javascript code from mode_state_controller/ModeState.msg[0m
[ 77%] Built target mode_state_controller_generate_messages_nodejs
[35m[1mScanning dependencies of target mode_state_controller[0m
[ 88%] [32mBuilding CXX object CMakeFiles/mode_state_controller.dir/src/mode_state_controller.cpp.o[0m
[35m[1mScanning dependencies of target mode_state_controller_generate_messages[0m
[ 88%] Built target mode_state_controller_generate_messages
[100%] [32m[1mLinking CXX shared library /home/tomer/cogrob_project/devel/.private/mode_state_controller/lib/libmode_state_controller.so[0m
[100%] Built target mode_state_controller
