Symlinking /home/tomer/cogrob_project/devel/include/tiago_pcl_tutorial/regionConfig.h
Symlinking /home/tomer/cogrob_project/devel/include/tiago_pcl_tutorial/PlaneCoefficients.h
Symlinking /home/tomer/cogrob_project/devel/include/tiago_pcl_tutorial/segmentConfig.h
Symlinking /home/tomer/cogrob_project/devel/share/common-lisp/ros/tiago_pcl_tutorial/msg/tiago_pcl_tutorial-msg.asd
Symlinking /home/tomer/cogrob_project/devel/share/common-lisp/ros/tiago_pcl_tutorial/msg/PlaneCoefficients.lisp
Symlinking /home/tomer/cogrob_project/devel/share/common-lisp/ros/tiago_pcl_tutorial/msg/_package.lisp
Symlinking /home/tomer/cogrob_project/devel/share/common-lisp/ros/tiago_pcl_tutorial/msg/_package_PlaneCoefficients.lisp
Symlinking /home/tomer/cogrob_project/devel/share/roseus/ros/tiago_pcl_tutorial/manifest.l
Symlinking /home/tomer/cogrob_project/devel/share/roseus/ros/tiago_pcl_tutorial/msg/PlaneCoefficients.l
Symlinking /home/tomer/cogrob_project/devel/share/tiago_pcl_tutorial/docs/segmentConfig.wikidoc
Symlinking /home/tomer/cogrob_project/devel/share/tiago_pcl_tutorial/docs/segmentConfig.dox
Symlinking /home/tomer/cogrob_project/devel/share/tiago_pcl_tutorial/docs/regionConfig.wikidoc
Symlinking /home/tomer/cogrob_project/devel/share/tiago_pcl_tutorial/docs/regionConfig-usage.dox
Symlinking /home/tomer/cogrob_project/devel/share/tiago_pcl_tutorial/docs/segmentConfig-usage.dox
Symlinking /home/tomer/cogrob_project/devel/share/tiago_pcl_tutorial/docs/regionConfig.dox
Symlinking /home/tomer/cogrob_project/devel/share/tiago_pcl_tutorial/cmake/tiago_pcl_tutorialConfig-version.cmake
Symlinking /home/tomer/cogrob_project/devel/share/tiago_pcl_tutorial/cmake/tiago_pcl_tutorial-msg-extras.cmake
Symlinking /home/tomer/cogrob_project/devel/share/tiago_pcl_tutorial/cmake/tiago_pcl_tutorial-msg-paths.cmake
Symlinking /home/tomer/cogrob_project/devel/share/tiago_pcl_tutorial/cmake/tiago_pcl_tutorialConfig.cmake
Symlinking /home/tomer/cogrob_project/devel/share/gennodejs/ros/tiago_pcl_tutorial/_index.js
Symlinking /home/tomer/cogrob_project/devel/share/gennodejs/ros/tiago_pcl_tutorial/msg/PlaneCoefficients.js
Symlinking /home/tomer/cogrob_project/devel/share/gennodejs/ros/tiago_pcl_tutorial/msg/_index.js
Symlinking /home/tomer/cogrob_project/devel/lib/libtiago_pcl_tutorial.so
Symlinking /home/tomer/cogrob_project/devel/lib/tiago_pcl_tutorial/region_segment
Symlinking /home/tomer/cogrob_project/devel/lib/tiago_pcl_tutorial/segment_table
Symlinking /home/tomer/cogrob_project/devel/lib/tiago_pcl_tutorial/detect_main_plane
Symlinking /home/tomer/cogrob_project/devel/lib/tiago_pcl_tutorial/cylinder_detector
Symlinking /home/tomer/cogrob_project/devel/lib/python3/dist-packages/tiago_pcl_tutorial/__init__.py
Symlinking /home/tomer/cogrob_project/devel/lib/python3/dist-packages/tiago_pcl_tutorial/msg/__init__.py
Symlinking /home/tomer/cogrob_project/devel/lib/python3/dist-packages/tiago_pcl_tutorial/msg/_PlaneCoefficients.py
Symlinking /home/tomer/cogrob_project/devel/lib/python3/dist-packages/tiago_pcl_tutorial/cfg/__init__.py
Symlinking /home/tomer/cogrob_project/devel/lib/python3/dist-packages/tiago_pcl_tutorial/cfg/regionConfig.py
Symlinking /home/tomer/cogrob_project/devel/lib/python3/dist-packages/tiago_pcl_tutorial/cfg/segmentConfig.py
Symlinking /home/tomer/cogrob_project/devel/lib/pkgconfig/tiago_pcl_tutorial.pc
