[35m[1mScanning dependencies of target _humanoid_nav_msgs_generate_messages_check_deps_ExecFootstepsFeedback[0m
[  0%] Built target _humanoid_nav_msgs_generate_messages_check_deps_ExecFootstepsFeedback
[35m[1mScanning dependencies of target std_msgs_generate_messages_py[0m
[35m[1mScanning dependencies of target _humanoid_nav_msgs_generate_messages_check_deps_PlanFootsteps[0m
[  0%] Built target std_msgs_generate_messages_py
[35m[1mScanning dependencies of target _humanoid_nav_msgs_generate_messages_check_deps_StepTargetService[0m
[  0%] Built target _humanoid_nav_msgs_generate_messages_check_deps_PlanFootsteps
[35m[1mScanning dependencies of target _humanoid_nav_msgs_generate_messages_check_deps_PlanFootstepsBetweenFeet[0m
[  0%] Built target _humanoid_nav_msgs_generate_messages_check_deps_StepTargetService
[35m[1mScanning dependencies of target _humanoid_nav_msgs_generate_messages_check_deps_ExecFootstepsActionGoal[0m
[  0%] Built target _humanoid_nav_msgs_generate_messages_check_deps_PlanFootstepsBetweenFeet
[35m[1mScanning dependencies of target _humanoid_nav_msgs_generate_messages_check_deps_ExecFootstepsActionFeedback[0m
[  0%] Built target _humanoid_nav_msgs_generate_messages_check_deps_ExecFootstepsActionGoal
[35m[1mScanning dependencies of target geometry_msgs_generate_messages_py[0m
[  0%] Built target geometry_msgs_generate_messages_py
[35m[1mScanning dependencies of target actionlib_msgs_generate_messages_py[0m
[  0%] Built target actionlib_msgs_generate_messages_py
[  0%] Built target _humanoid_nav_msgs_generate_messages_check_deps_ExecFootstepsActionFeedback
[35m[1mScanning dependencies of target _humanoid_nav_msgs_generate_messages_check_deps_ClipFootstep[0m
[35m[1mScanning dependencies of target _humanoid_nav_msgs_generate_messages_check_deps_StepTarget[0m
[  0%] Built target _humanoid_nav_msgs_generate_messages_check_deps_ClipFootstep
[35m[1mScanning dependencies of target _humanoid_nav_msgs_generate_messages_check_deps_ExecFootstepsAction[0m
[  0%] Built target _humanoid_nav_msgs_generate_messages_check_deps_StepTarget
[35m[1mScanning dependencies of target _humanoid_nav_msgs_generate_messages_check_deps_ExecFootstepsActionResult[0m
[  0%] Built target _humanoid_nav_msgs_generate_messages_check_deps_ExecFootstepsAction
[35m[1mScanning dependencies of target _humanoid_nav_msgs_generate_messages_check_deps_ExecFootstepsGoal[0m
[  0%] Built target _humanoid_nav_msgs_generate_messages_check_deps_ExecFootstepsActionResult
[35m[1mScanning dependencies of target _humanoid_nav_msgs_generate_messages_check_deps_ExecFootstepsResult[0m
[  0%] Built target _humanoid_nav_msgs_generate_messages_check_deps_ExecFootstepsGoal
[35m[1mScanning dependencies of target geometry_msgs_generate_messages_nodejs[0m
[  0%] Built target _humanoid_nav_msgs_generate_messages_check_deps_ExecFootstepsResult
[  0%] Built target geometry_msgs_generate_messages_nodejs
[35m[1mScanning dependencies of target actionlib_msgs_generate_messages_nodejs[0m
[35m[1mScanning dependencies of target std_msgs_generate_messages_nodejs[0m
[  0%] Built target actionlib_msgs_generate_messages_nodejs
[  0%] Built target std_msgs_generate_messages_nodejs
[35m[1mScanning dependencies of target actionlib_msgs_generate_messages_eus[0m
[35m[1mScanning dependencies of target geometry_msgs_generate_messages_eus[0m
[  0%] Built target actionlib_msgs_generate_messages_eus
[  0%] Built target geometry_msgs_generate_messages_eus
[35m[1mScanning dependencies of target std_msgs_generate_messages_eus[0m
[35m[1mScanning dependencies of target std_msgs_generate_messages_cpp[0m
[  0%] Built target std_msgs_generate_messages_eus
[  0%] Built target std_msgs_generate_messages_cpp
[35m[1mScanning dependencies of target geometry_msgs_generate_messages_cpp[0m
[  0%] Built target geometry_msgs_generate_messages_cpp
[35m[1mScanning dependencies of target actionlib_msgs_generate_messages_cpp[0m
[35m[1mScanning dependencies of target actionlib_msgs_generate_messages_lisp[0m
[  0%] Built target actionlib_msgs_generate_messages_cpp
[  0%] Built target actionlib_msgs_generate_messages_lisp
[35m[1mScanning dependencies of target geometry_msgs_generate_messages_lisp[0m
[35m[1mScanning dependencies of target std_msgs_generate_messages_lisp[0m
[  0%] Built target geometry_msgs_generate_messages_lisp
[  0%] Built target std_msgs_generate_messages_lisp
[35m[1mScanning dependencies of target humanoid_nav_msgs_generate_messages_py[0m
[35m[1mScanning dependencies of target humanoid_nav_msgs_generate_messages_nodejs[0m
[  1%] [34m[1mGenerating Python from MSG humanoid_nav_msgs/StepTarget[0m
[  3%] [34m[1mGenerating Javascript code from humanoid_nav_msgs/StepTarget.msg[0m
[  4%] [34m[1mGenerating Javascript code from humanoid_nav_msgs/ExecFootstepsAction.msg[0m
[  6%] [34m[1mGenerating Javascript code from humanoid_nav_msgs/ExecFootstepsActionGoal.msg[0m
[  7%] [34m[1mGenerating Javascript code from humanoid_nav_msgs/ExecFootstepsActionResult.msg[0m
[35m[1mScanning dependencies of target humanoid_nav_msgs_generate_messages_eus[0m
[  9%] [34m[1mGenerating EusLisp code from humanoid_nav_msgs/StepTarget.msg[0m
[ 11%] [34m[1mGenerating Python from MSG humanoid_nav_msgs/ExecFootstepsAction[0m
[ 12%] [34m[1mGenerating Javascript code from humanoid_nav_msgs/ExecFootstepsActionFeedback.msg[0m
[ 14%] [34m[1mGenerating Javascript code from humanoid_nav_msgs/ExecFootstepsGoal.msg[0m
[ 15%] [34m[1mGenerating EusLisp code from humanoid_nav_msgs/ExecFootstepsAction.msg[0m
[ 17%] [34m[1mGenerating Javascript code from humanoid_nav_msgs/ExecFootstepsResult.msg[0m
[ 19%] [34m[1mGenerating EusLisp code from humanoid_nav_msgs/ExecFootstepsActionGoal.msg[0m
[ 20%] [34m[1mGenerating Javascript code from humanoid_nav_msgs/ExecFootstepsFeedback.msg[0m
[ 22%] [34m[1mGenerating Python from MSG humanoid_nav_msgs/ExecFootstepsActionGoal[0m
[ 23%] [34m[1mGenerating Javascript code from humanoid_nav_msgs/ClipFootstep.srv[0m
[ 25%] [34m[1mGenerating EusLisp code from humanoid_nav_msgs/ExecFootstepsActionResult.msg[0m
[ 26%] [34m[1mGenerating Javascript code from humanoid_nav_msgs/PlanFootsteps.srv[0m
[ 28%] [34m[1mGenerating Javascript code from humanoid_nav_msgs/PlanFootstepsBetweenFeet.srv[0m
[ 30%] [34m[1mGenerating EusLisp code from humanoid_nav_msgs/ExecFootstepsActionFeedback.msg[0m
[ 31%] [34m[1mGenerating Python from MSG humanoid_nav_msgs/ExecFootstepsActionResult[0m
[ 33%] [34m[1mGenerating Javascript code from humanoid_nav_msgs/StepTargetService.srv[0m
[ 34%] [34m[1mGenerating EusLisp code from humanoid_nav_msgs/ExecFootstepsGoal.msg[0m
[ 34%] Built target humanoid_nav_msgs_generate_messages_nodejs
[35m[1mScanning dependencies of target humanoid_nav_msgs_generate_messages_cpp[0m
[ 36%] [34m[1mGenerating C++ code from humanoid_nav_msgs/StepTarget.msg[0m
[ 38%] [34m[1mGenerating EusLisp code from humanoid_nav_msgs/ExecFootstepsResult.msg[0m
[ 39%] [34m[1mGenerating Python from MSG humanoid_nav_msgs/ExecFootstepsActionFeedback[0m
[ 41%] [34m[1mGenerating C++ code from humanoid_nav_msgs/ExecFootstepsAction.msg[0m
[ 42%] [34m[1mGenerating EusLisp code from humanoid_nav_msgs/ExecFootstepsFeedback.msg[0m
[ 44%] [34m[1mGenerating EusLisp code from humanoid_nav_msgs/ClipFootstep.srv[0m
[ 46%] [34m[1mGenerating C++ code from humanoid_nav_msgs/ExecFootstepsActionGoal.msg[0m
[ 47%] [34m[1mGenerating EusLisp code from humanoid_nav_msgs/PlanFootsteps.srv[0m
[ 49%] [34m[1mGenerating Python from MSG humanoid_nav_msgs/ExecFootstepsGoal[0m
[ 50%] [34m[1mGenerating C++ code from humanoid_nav_msgs/ExecFootstepsActionResult.msg[0m
[ 52%] [34m[1mGenerating EusLisp code from humanoid_nav_msgs/PlanFootstepsBetweenFeet.srv[0m
[ 53%] [34m[1mGenerating EusLisp code from humanoid_nav_msgs/StepTargetService.srv[0m
[ 55%] [34m[1mGenerating C++ code from humanoid_nav_msgs/ExecFootstepsActionFeedback.msg[0m
[ 57%] [34m[1mGenerating Python from MSG humanoid_nav_msgs/ExecFootstepsResult[0m
[ 58%] [34m[1mGenerating EusLisp manifest code for humanoid_nav_msgs[0m
[ 60%] [34m[1mGenerating C++ code from humanoid_nav_msgs/ExecFootstepsGoal.msg[0m
[ 61%] [34m[1mGenerating Python from MSG humanoid_nav_msgs/ExecFootstepsFeedback[0m
[ 63%] [34m[1mGenerating C++ code from humanoid_nav_msgs/ExecFootstepsResult.msg[0m
[ 65%] [34m[1mGenerating C++ code from humanoid_nav_msgs/ExecFootstepsFeedback.msg[0m
[ 66%] [34m[1mGenerating Python code from SRV humanoid_nav_msgs/ClipFootstep[0m
[ 68%] [34m[1mGenerating C++ code from humanoid_nav_msgs/ClipFootstep.srv[0m
[ 69%] [34m[1mGenerating Python code from SRV humanoid_nav_msgs/PlanFootsteps[0m
[ 71%] [34m[1mGenerating C++ code from humanoid_nav_msgs/PlanFootsteps.srv[0m
[ 73%] [34m[1mGenerating Python code from SRV humanoid_nav_msgs/PlanFootstepsBetweenFeet[0m
[ 73%] Built target humanoid_nav_msgs_generate_messages_eus
[35m[1mScanning dependencies of target humanoid_nav_msgs_generate_messages_lisp[0m
[ 74%] [34m[1mGenerating Lisp code from humanoid_nav_msgs/StepTarget.msg[0m
[ 76%] [34m[1mGenerating C++ code from humanoid_nav_msgs/PlanFootstepsBetweenFeet.srv[0m
[ 77%] [34m[1mGenerating Lisp code from humanoid_nav_msgs/ExecFootstepsAction.msg[0m
[ 79%] [34m[1mGenerating Lisp code from humanoid_nav_msgs/ExecFootstepsActionGoal.msg[0m
[ 80%] [34m[1mGenerating Lisp code from humanoid_nav_msgs/ExecFootstepsActionResult.msg[0m
[ 82%] [34m[1mGenerating Python code from SRV humanoid_nav_msgs/StepTargetService[0m
[ 84%] [34m[1mGenerating Lisp code from humanoid_nav_msgs/ExecFootstepsActionFeedback.msg[0m
[ 85%] [34m[1mGenerating C++ code from humanoid_nav_msgs/StepTargetService.srv[0m
[ 87%] [34m[1mGenerating Lisp code from humanoid_nav_msgs/ExecFootstepsGoal.msg[0m
[ 88%] [34m[1mGenerating Lisp code from humanoid_nav_msgs/ExecFootstepsResult.msg[0m
[ 90%] [34m[1mGenerating Lisp code from humanoid_nav_msgs/ExecFootstepsFeedback.msg[0m
[ 92%] [34m[1mGenerating Python msg __init__.py for humanoid_nav_msgs[0m
[ 93%] [34m[1mGenerating Lisp code from humanoid_nav_msgs/ClipFootstep.srv[0m
[ 93%] Built target humanoid_nav_msgs_generate_messages_cpp
[ 95%] [34m[1mGenerating Lisp code from humanoid_nav_msgs/PlanFootsteps.srv[0m
[ 96%] [34m[1mGenerating Lisp code from humanoid_nav_msgs/PlanFootstepsBetweenFeet.srv[0m
[ 98%] [34m[1mGenerating Lisp code from humanoid_nav_msgs/StepTargetService.srv[0m
[100%] [34m[1mGenerating Python srv __init__.py for humanoid_nav_msgs[0m
[100%] Built target humanoid_nav_msgs_generate_messages_lisp
[100%] Built target humanoid_nav_msgs_generate_messages_py
[35m[1mScanning dependencies of target humanoid_nav_msgs_generate_messages[0m
[100%] Built target humanoid_nav_msgs_generate_messages
