[35m[1mScanning dependencies of target std_msgs_generate_messages_cpp[0m
[  0%] Built target std_msgs_generate_messages_cpp
[35m[1mScanning dependencies of target _tiago_opencv_tutorial_generate_messages_check_deps_valueMatrix[0m
[  0%] Built target _tiago_opencv_tutorial_generate_messages_check_deps_valueMatrix
[35m[1mScanning dependencies of target std_msgs_generate_messages_py[0m
[  0%] Built target std_msgs_generate_messages_py
[35m[1mScanning dependencies of target std_msgs_generate_messages_nodejs[0m
[  0%] Built target std_msgs_generate_messages_nodejs
[35m[1mScanning dependencies of target std_msgs_generate_messages_lisp[0m
[  0%] Built target std_msgs_generate_messages_lisp
[35m[1mScanning dependencies of target std_msgs_generate_messages_eus[0m
[  0%] Built target std_msgs_generate_messages_eus
[35m[1mScanning dependencies of target tiago_opencv_tutorial_generate_messages_cpp[0m
[  6%] [34m[1mGenerating C++ code from tiago_opencv_tutorial/valueMatrix.msg[0m
[  6%] Built target tiago_opencv_tutorial_generate_messages_cpp
[35m[1mScanning dependencies of target tiago_opencv_tutorial_generate_messages_py[0m
[ 13%] [34m[1mGenerating Python from MSG tiago_opencv_tutorial/valueMatrix[0m
[ 20%] [34m[1mGenerating Python msg __init__.py for tiago_opencv_tutorial[0m
[ 20%] Built target tiago_opencv_tutorial_generate_messages_py
[35m[1mScanning dependencies of target tiago_opencv_tutorial_generate_messages_nodejs[0m
[ 26%] [34m[1mGenerating Javascript code from tiago_opencv_tutorial/valueMatrix.msg[0m
[ 26%] Built target tiago_opencv_tutorial_generate_messages_nodejs
[35m[1mScanning dependencies of target tiago_opencv_tutorial_generate_messages_lisp[0m
[ 33%] [34m[1mGenerating Lisp code from tiago_opencv_tutorial/valueMatrix.msg[0m
[ 33%] Built target tiago_opencv_tutorial_generate_messages_lisp
[35m[1mScanning dependencies of target tiago_opencv_tutorial_generate_messages_eus[0m
[ 40%] [34m[1mGenerating EusLisp code from tiago_opencv_tutorial/valueMatrix.msg[0m
[ 46%] [34m[1mGenerating EusLisp manifest code for tiago_opencv_tutorial[0m
[ 46%] Built target tiago_opencv_tutorial_generate_messages_eus
[35m[1mScanning dependencies of target find_keypoints[0m
[ 53%] [32mBuilding CXX object CMakeFiles/find_keypoints.dir/src/find_keypoints.cpp.o[0m
[ 60%] [32m[1mLinking CXX executable /home/tomer/cogrob_project/devel/.private/tiago_opencv_tutorial/lib/tiago_opencv_tutorial/find_keypoints[0m
[ 60%] Built target find_keypoints
[35m[1mScanning dependencies of target track_sequential[0m
[ 66%] [32mBuilding CXX object CMakeFiles/track_sequential.dir/src/track_sequential.cpp.o[0m
[ 73%] [32m[1mLinking CXX executable /home/tomer/cogrob_project/devel/.private/tiago_opencv_tutorial/lib/tiago_opencv_tutorial/track_sequential[0m
[ 73%] Built target track_sequential
[35m[1mScanning dependencies of target flann_matching[0m
[ 80%] [32mBuilding CXX object CMakeFiles/flann_matching.dir/src/flann_matching.cpp.o[0m
[35m[1mScanning dependencies of target corner_detection[0m
[ 86%] [32m[1mLinking CXX executable /home/tomer/cogrob_project/devel/.private/tiago_opencv_tutorial/lib/tiago_opencv_tutorial/flann_matching[0m
[ 93%] [32mBuilding CXX object CMakeFiles/corner_detection.dir/src/corner_detection.cpp.o[0m
[ 93%] Built target flann_matching
[35m[1mScanning dependencies of target tiago_opencv_tutorial_generate_messages[0m
[ 93%] Built target tiago_opencv_tutorial_generate_messages
[100%] [32m[1mLinking CXX executable /home/tomer/cogrob_project/devel/.private/tiago_opencv_tutorial/lib/tiago_opencv_tutorial/corner_detection[0m
[100%] Built target corner_detection
