[35m[1mScanning dependencies of target geometry_msgs_generate_messages_py[0m
[  0%] Built target geometry_msgs_generate_messages_py
[35m[1mScanning dependencies of target _tiago_pick_demo_generate_messages_check_deps_PickUpPoseFeedback[0m
[  0%] Built target _tiago_pick_demo_generate_messages_check_deps_PickUpPoseFeedback
[35m[1mScanning dependencies of target _tiago_pick_demo_generate_messages_check_deps_PickUpPoseResult[0m
[  0%] Built target _tiago_pick_demo_generate_messages_check_deps_PickUpPoseResult
[35m[1mScanning dependencies of target _tiago_pick_demo_generate_messages_check_deps_PickUpPoseGoal[0m
[  0%] Built target _tiago_pick_demo_generate_messages_check_deps_PickUpPoseGoal
[35m[1mScanning dependencies of target _tiago_pick_demo_generate_messages_check_deps_PickUpPoseActionResult[0m
[  0%] Built target _tiago_pick_demo_generate_messages_check_deps_PickUpPoseActionResult
[35m[1mScanning dependencies of target _tiago_pick_demo_generate_messages_check_deps_PickUpPoseAction[0m
[  0%] Built target _tiago_pick_demo_generate_messages_check_deps_PickUpPoseAction
[35m[1mScanning dependencies of target _tiago_pick_demo_generate_messages_check_deps_PickUpPoseActionGoal[0m
[  0%] Built target _tiago_pick_demo_generate_messages_check_deps_PickUpPoseActionGoal
[35m[1mScanning dependencies of target actionlib_msgs_generate_messages_py[0m
[  0%] Built target actionlib_msgs_generate_messages_py
[35m[1mScanning dependencies of target _tiago_pick_demo_generate_messages_check_deps_PickUpPoseActionFeedback[0m
[  0%] Built target _tiago_pick_demo_generate_messages_check_deps_PickUpPoseActionFeedback
[35m[1mScanning dependencies of target geometry_msgs_generate_messages_nodejs[0m
[  0%] Built target geometry_msgs_generate_messages_nodejs
[35m[1mScanning dependencies of target actionlib_msgs_generate_messages_nodejs[0m
[  0%] Built target actionlib_msgs_generate_messages_nodejs
[35m[1mScanning dependencies of target geometry_msgs_generate_messages_eus[0m
[  0%] Built target geometry_msgs_generate_messages_eus
[35m[1mScanning dependencies of target actionlib_msgs_generate_messages_eus[0m
[  0%] Built target actionlib_msgs_generate_messages_eus
[35m[1mScanning dependencies of target geometry_msgs_generate_messages_lisp[0m
[  0%] Built target geometry_msgs_generate_messages_lisp
[35m[1mScanning dependencies of target actionlib_msgs_generate_messages_lisp[0m
[  0%] Built target actionlib_msgs_generate_messages_lisp
[35m[1mScanning dependencies of target geometry_msgs_generate_messages_cpp[0m
[  0%] Built target geometry_msgs_generate_messages_cpp
[35m[1mScanning dependencies of target actionlib_msgs_generate_messages_cpp[0m
[  0%] Built target actionlib_msgs_generate_messages_cpp
[35m[1mScanning dependencies of target tiago_pick_demo_gencfg[0m
[  2%] [34m[1mGenerating dynamic reconfigure files from cfg/SphericalGrasp.cfg: /home/tomer/cogrob_project/devel/.private/tiago_pick_demo/include/tiago_pick_demo/SphericalGraspConfig.h /home/tomer/cogrob_project/devel/.private/tiago_pick_demo/lib/python3/dist-packages/tiago_pick_demo/cfg/SphericalGraspConfig.py[0m
Generating reconfiguration files for SphericalGrasp in spherical_grasps_server
Wrote header file in /home/tomer/cogrob_project/devel/.private/tiago_pick_demo/include/tiago_pick_demo/SphericalGraspConfig.h
[  2%] Built target tiago_pick_demo_gencfg
[35m[1mScanning dependencies of target tiago_pick_demo_generate_messages_py[0m
[  5%] [34m[1mGenerating Python from MSG tiago_pick_demo/PickUpPoseAction[0m
[  7%] [34m[1mGenerating Python from MSG tiago_pick_demo/PickUpPoseActionGoal[0m
[ 10%] [34m[1mGenerating Python from MSG tiago_pick_demo/PickUpPoseActionResult[0m
[ 13%] [34m[1mGenerating Python from MSG tiago_pick_demo/PickUpPoseActionFeedback[0m
[ 15%] [34m[1mGenerating Python from MSG tiago_pick_demo/PickUpPoseGoal[0m
[ 18%] [34m[1mGenerating Python from MSG tiago_pick_demo/PickUpPoseResult[0m
[ 21%] [34m[1mGenerating Python from MSG tiago_pick_demo/PickUpPoseFeedback[0m
[ 23%] [34m[1mGenerating Python msg __init__.py for tiago_pick_demo[0m
[ 23%] Built target tiago_pick_demo_generate_messages_py
[35m[1mScanning dependencies of target tiago_pick_demo_generate_messages_nodejs[0m
[ 26%] [34m[1mGenerating Javascript code from tiago_pick_demo/PickUpPoseAction.msg[0m
[ 28%] [34m[1mGenerating Javascript code from tiago_pick_demo/PickUpPoseActionGoal.msg[0m
[ 31%] [34m[1mGenerating Javascript code from tiago_pick_demo/PickUpPoseActionResult.msg[0m
[ 34%] [34m[1mGenerating Javascript code from tiago_pick_demo/PickUpPoseActionFeedback.msg[0m
[ 36%] [34m[1mGenerating Javascript code from tiago_pick_demo/PickUpPoseGoal.msg[0m
[ 39%] [34m[1mGenerating Javascript code from tiago_pick_demo/PickUpPoseResult.msg[0m
[ 42%] [34m[1mGenerating Javascript code from tiago_pick_demo/PickUpPoseFeedback.msg[0m
[ 42%] Built target tiago_pick_demo_generate_messages_nodejs
[35m[1mScanning dependencies of target tiago_pick_demo_generate_messages_eus[0m
[ 44%] [34m[1mGenerating EusLisp code from tiago_pick_demo/PickUpPoseAction.msg[0m
[ 47%] [34m[1mGenerating EusLisp code from tiago_pick_demo/PickUpPoseActionGoal.msg[0m
[ 50%] [34m[1mGenerating EusLisp code from tiago_pick_demo/PickUpPoseActionResult.msg[0m
[ 52%] [34m[1mGenerating EusLisp code from tiago_pick_demo/PickUpPoseActionFeedback.msg[0m
[ 55%] [34m[1mGenerating EusLisp code from tiago_pick_demo/PickUpPoseGoal.msg[0m
[ 57%] [34m[1mGenerating EusLisp code from tiago_pick_demo/PickUpPoseResult.msg[0m
[ 60%] [34m[1mGenerating EusLisp code from tiago_pick_demo/PickUpPoseFeedback.msg[0m
[ 63%] [34m[1mGenerating EusLisp manifest code for tiago_pick_demo[0m
[ 63%] Built target tiago_pick_demo_generate_messages_eus
[35m[1mScanning dependencies of target tiago_pick_demo_generate_messages_lisp[0m
[ 65%] [34m[1mGenerating Lisp code from tiago_pick_demo/PickUpPoseAction.msg[0m
[ 68%] [34m[1mGenerating Lisp code from tiago_pick_demo/PickUpPoseActionGoal.msg[0m
[ 71%] [34m[1mGenerating Lisp code from tiago_pick_demo/PickUpPoseActionResult.msg[0m
[ 73%] [34m[1mGenerating Lisp code from tiago_pick_demo/PickUpPoseActionFeedback.msg[0m
[ 76%] [34m[1mGenerating Lisp code from tiago_pick_demo/PickUpPoseGoal.msg[0m
[ 78%] [34m[1mGenerating Lisp code from tiago_pick_demo/PickUpPoseResult.msg[0m
[ 81%] [34m[1mGenerating Lisp code from tiago_pick_demo/PickUpPoseFeedback.msg[0m
[ 81%] Built target tiago_pick_demo_generate_messages_lisp
[35m[1mScanning dependencies of target tiago_pick_demo_generate_messages_cpp[0m
[ 84%] [34m[1mGenerating C++ code from tiago_pick_demo/PickUpPoseAction.msg[0m
[ 86%] [34m[1mGenerating C++ code from tiago_pick_demo/PickUpPoseActionGoal.msg[0m
[ 89%] [34m[1mGenerating C++ code from tiago_pick_demo/PickUpPoseActionResult.msg[0m
[ 92%] [34m[1mGenerating C++ code from tiago_pick_demo/PickUpPoseActionFeedback.msg[0m
[ 94%] [34m[1mGenerating C++ code from tiago_pick_demo/PickUpPoseGoal.msg[0m
[ 97%] [34m[1mGenerating C++ code from tiago_pick_demo/PickUpPoseResult.msg[0m
[100%] [34m[1mGenerating C++ code from tiago_pick_demo/PickUpPoseFeedback.msg[0m
[100%] Built target tiago_pick_demo_generate_messages_cpp
[35m[1mScanning dependencies of target tiago_pick_demo_generate_messages[0m
[100%] Built target tiago_pick_demo_generate_messages
