Symlinking /home/tomer/cogrob_project/devel/include/pal_motion_model_msgs/GetMotionMapResponse.h
Symlinking /home/tomer/cogrob_project/devel/include/pal_motion_model_msgs/MotionModelList.h
Symlinking /home/tomer/cogrob_project/devel/include/pal_motion_model_msgs/MotionModelMap.h
Symlinking /home/tomer/cogrob_project/devel/include/pal_motion_model_msgs/GetMotionMapRequest.h
Symlinking /home/tomer/cogrob_project/devel/include/pal_motion_model_msgs/GetMotionMap.h
Symlinking /home/tomer/cogrob_project/devel/include/pal_motion_model_msgs/MotionModel.h
Symlinking /home/tomer/cogrob_project/devel/share/common-lisp/ros/pal_motion_model_msgs/msg/_package_MotionModelMap.lisp
Symlinking /home/tomer/cogrob_project/devel/share/common-lisp/ros/pal_motion_model_msgs/msg/MotionModel.lisp
Symlinking /home/tomer/cogrob_project/devel/share/common-lisp/ros/pal_motion_model_msgs/msg/_package_MotionModel.lisp
Symlinking /home/tomer/cogrob_project/devel/share/common-lisp/ros/pal_motion_model_msgs/msg/pal_motion_model_msgs-msg.asd
Symlinking /home/tomer/cogrob_project/devel/share/common-lisp/ros/pal_motion_model_msgs/msg/_package.lisp
Symlinking /home/tomer/cogrob_project/devel/share/common-lisp/ros/pal_motion_model_msgs/msg/MotionModelMap.lisp
Symlinking /home/tomer/cogrob_project/devel/share/common-lisp/ros/pal_motion_model_msgs/msg/MotionModelList.lisp
Symlinking /home/tomer/cogrob_project/devel/share/common-lisp/ros/pal_motion_model_msgs/msg/_package_MotionModelList.lisp
Symlinking /home/tomer/cogrob_project/devel/share/common-lisp/ros/pal_motion_model_msgs/srv/GetMotionMap.lisp
Symlinking /home/tomer/cogrob_project/devel/share/common-lisp/ros/pal_motion_model_msgs/srv/_package.lisp
Symlinking /home/tomer/cogrob_project/devel/share/common-lisp/ros/pal_motion_model_msgs/srv/pal_motion_model_msgs-srv.asd
Symlinking /home/tomer/cogrob_project/devel/share/common-lisp/ros/pal_motion_model_msgs/srv/_package_GetMotionMap.lisp
Symlinking /home/tomer/cogrob_project/devel/share/pal_motion_model_msgs/cmake/pal_motion_model_msgsConfig.cmake
Symlinking /home/tomer/cogrob_project/devel/share/pal_motion_model_msgs/cmake/pal_motion_model_msgsConfig-version.cmake
Symlinking /home/tomer/cogrob_project/devel/share/pal_motion_model_msgs/cmake/pal_motion_model_msgs-msg-paths.cmake
Symlinking /home/tomer/cogrob_project/devel/share/pal_motion_model_msgs/cmake/pal_motion_model_msgs-msg-extras.cmake
Symlinking /home/tomer/cogrob_project/devel/share/roseus/ros/pal_motion_model_msgs/manifest.l
Symlinking /home/tomer/cogrob_project/devel/share/roseus/ros/pal_motion_model_msgs/msg/MotionModel.l
Symlinking /home/tomer/cogrob_project/devel/share/roseus/ros/pal_motion_model_msgs/msg/MotionModelMap.l
Symlinking /home/tomer/cogrob_project/devel/share/roseus/ros/pal_motion_model_msgs/msg/MotionModelList.l
Symlinking /home/tomer/cogrob_project/devel/share/roseus/ros/pal_motion_model_msgs/srv/GetMotionMap.l
Symlinking /home/tomer/cogrob_project/devel/share/gennodejs/ros/pal_motion_model_msgs/_index.js
Symlinking /home/tomer/cogrob_project/devel/share/gennodejs/ros/pal_motion_model_msgs/msg/MotionModelMap.js
Symlinking /home/tomer/cogrob_project/devel/share/gennodejs/ros/pal_motion_model_msgs/msg/MotionModelList.js
Symlinking /home/tomer/cogrob_project/devel/share/gennodejs/ros/pal_motion_model_msgs/msg/_index.js
Symlinking /home/tomer/cogrob_project/devel/share/gennodejs/ros/pal_motion_model_msgs/msg/MotionModel.js
Symlinking /home/tomer/cogrob_project/devel/share/gennodejs/ros/pal_motion_model_msgs/srv/_index.js
Symlinking /home/tomer/cogrob_project/devel/share/gennodejs/ros/pal_motion_model_msgs/srv/GetMotionMap.js
Symlinking /home/tomer/cogrob_project/devel/lib/python3/dist-packages/pal_motion_model_msgs/__init__.py
Symlinking /home/tomer/cogrob_project/devel/lib/python3/dist-packages/pal_motion_model_msgs/msg/__init__.py
Symlinking /home/tomer/cogrob_project/devel/lib/python3/dist-packages/pal_motion_model_msgs/msg/_MotionModelMap.py
Symlinking /home/tomer/cogrob_project/devel/lib/python3/dist-packages/pal_motion_model_msgs/msg/_MotionModelList.py
Symlinking /home/tomer/cogrob_project/devel/lib/python3/dist-packages/pal_motion_model_msgs/msg/_MotionModel.py
Symlinking /home/tomer/cogrob_project/devel/lib/python3/dist-packages/pal_motion_model_msgs/srv/__init__.py
Symlinking /home/tomer/cogrob_project/devel/lib/python3/dist-packages/pal_motion_model_msgs/srv/_GetMotionMap.py
Symlinking /home/tomer/cogrob_project/devel/lib/pkgconfig/pal_motion_model_msgs.pc
