[35m[1mScanning dependencies of target _dynamic_introspection_generate_messages_check_deps_IntrospectionMsg[0m
[  0%] Built target _dynamic_introspection_generate_messages_check_deps_IntrospectionMsg
[35m[1mScanning dependencies of target _dynamic_introspection_generate_messages_check_deps_DoubleParameter[0m
[  0%] Built target _dynamic_introspection_generate_messages_check_deps_DoubleParameter
[35m[1mScanning dependencies of target _dynamic_introspection_generate_messages_check_deps_IntParameter[0m
[  0%] Built target _dynamic_introspection_generate_messages_check_deps_IntParameter
[35m[1mScanning dependencies of target visualization_msgs_generate_messages_eus[0m
[  0%] Built target visualization_msgs_generate_messages_eus
[35m[1mScanning dependencies of target _dynamic_introspection_generate_messages_check_deps_MarkerParameter[0m
[  0%] Built target _dynamic_introspection_generate_messages_check_deps_MarkerParameter
[35m[1mScanning dependencies of target _dynamic_introspection_generate_messages_check_deps_BoolParameter[0m
[  0%] Built target _dynamic_introspection_generate_messages_check_deps_BoolParameter
[35m[1mScanning dependencies of target pal_statistics_msgs_generate_messages_cpp[0m
[  0%] Built target pal_statistics_msgs_generate_messages_cpp
[35m[1mScanning dependencies of target pal_statistics_msgs_generate_messages_eus[0m
[  0%] Built target pal_statistics_msgs_generate_messages_eus
[35m[1mScanning dependencies of target roscpp_generate_messages_py[0m
[  0%] Built target roscpp_generate_messages_py
[35m[1mScanning dependencies of target topic_tools_generate_messages_nodejs[0m
[  0%] Built target topic_tools_generate_messages_nodejs
[35m[1mScanning dependencies of target roscpp_generate_messages_eus[0m
[  0%] Built target roscpp_generate_messages_eus
[35m[1mScanning dependencies of target rosgraph_msgs_generate_messages_cpp[0m
[  0%] Built target rosgraph_msgs_generate_messages_cpp
[35m[1mScanning dependencies of target std_srvs_generate_messages_nodejs[0m
[  0%] Built target std_srvs_generate_messages_nodejs
[35m[1mScanning dependencies of target std_srvs_generate_messages_lisp[0m
[  0%] Built target std_srvs_generate_messages_lisp
[35m[1mScanning dependencies of target std_srvs_generate_messages_eus[0m
[  0%] Built target std_srvs_generate_messages_eus
[35m[1mScanning dependencies of target std_msgs_generate_messages_py[0m
[  0%] Built target std_msgs_generate_messages_py
[35m[1mScanning dependencies of target std_msgs_generate_messages_nodejs[0m
[  0%] Built target std_msgs_generate_messages_nodejs
[35m[1mScanning dependencies of target geometry_msgs_generate_messages_eus[0m
[  0%] Built target geometry_msgs_generate_messages_eus
[35m[1mScanning dependencies of target std_msgs_generate_messages_lisp[0m
[  0%] Built target std_msgs_generate_messages_lisp
[35m[1mScanning dependencies of target rosgraph_msgs_generate_messages_lisp[0m
[  0%] Built target rosgraph_msgs_generate_messages_lisp
[35m[1mScanning dependencies of target visualization_msgs_generate_messages_py[0m
[  0%] Built target visualization_msgs_generate_messages_py
[35m[1mScanning dependencies of target rosgraph_msgs_generate_messages_py[0m
[  0%] Built target rosgraph_msgs_generate_messages_py
[35m[1mScanning dependencies of target std_srvs_generate_messages_cpp[0m
[  0%] Built target std_srvs_generate_messages_cpp
[35m[1mScanning dependencies of target std_msgs_generate_messages_cpp[0m
[  0%] Built target std_msgs_generate_messages_cpp
[35m[1mScanning dependencies of target topic_tools_generate_messages_py[0m
[  0%] Built target topic_tools_generate_messages_py
[35m[1mScanning dependencies of target roscpp_generate_messages_cpp[0m
[  0%] Built target roscpp_generate_messages_cpp
[35m[1mScanning dependencies of target topic_tools_generate_messages_lisp[0m
[  0%] Built target topic_tools_generate_messages_lisp
[35m[1mScanning dependencies of target rosgraph_msgs_generate_messages_nodejs[0m
[  0%] Built target rosgraph_msgs_generate_messages_nodejs
[35m[1mScanning dependencies of target std_msgs_generate_messages_eus[0m
[  0%] Built target std_msgs_generate_messages_eus
[35m[1mScanning dependencies of target roscpp_generate_messages_nodejs[0m
[  0%] Built target roscpp_generate_messages_nodejs
[35m[1mScanning dependencies of target pal_statistics_msgs_generate_messages_nodejs[0m
[  0%] Built target pal_statistics_msgs_generate_messages_nodejs
[35m[1mScanning dependencies of target std_srvs_generate_messages_py[0m
[  0%] Built target std_srvs_generate_messages_py
[35m[1mScanning dependencies of target rosgraph_msgs_generate_messages_eus[0m
[  0%] Built target rosgraph_msgs_generate_messages_eus
[35m[1mScanning dependencies of target topic_tools_generate_messages_eus[0m
[  0%] Built target topic_tools_generate_messages_eus
[35m[1mScanning dependencies of target pal_statistics_msgs_generate_messages_py[0m
[  0%] Built target pal_statistics_msgs_generate_messages_py
[35m[1mScanning dependencies of target roscpp_generate_messages_lisp[0m
[  0%] Built target roscpp_generate_messages_lisp
[35m[1mScanning dependencies of target pal_statistics_msgs_generate_messages_lisp[0m
[35m[1mScanning dependencies of target geometry_msgs_generate_messages_py[0m
[  0%] Built target geometry_msgs_generate_messages_py
[  0%] Built target pal_statistics_msgs_generate_messages_lisp
[35m[1mScanning dependencies of target visualization_msgs_generate_messages_cpp[0m
[  0%] Built target visualization_msgs_generate_messages_cpp
[35m[1mScanning dependencies of target geometry_msgs_generate_messages_cpp[0m
[  0%] Built target geometry_msgs_generate_messages_cpp
[35m[1mScanning dependencies of target visualization_msgs_generate_messages_lisp[0m
[  0%] Built target visualization_msgs_generate_messages_lisp
[35m[1mScanning dependencies of target geometry_msgs_generate_messages_nodejs[0m
[  0%] Built target geometry_msgs_generate_messages_nodejs
[35m[1mScanning dependencies of target visualization_msgs_generate_messages_nodejs[0m
[  0%] Built target visualization_msgs_generate_messages_nodejs
[35m[1mScanning dependencies of target topic_tools_generate_messages_cpp[0m
[  0%] Built target topic_tools_generate_messages_cpp
[35m[1mScanning dependencies of target geometry_msgs_generate_messages_lisp[0m
[  0%] Built target geometry_msgs_generate_messages_lisp
[35m[1mScanning dependencies of target dynamic_introspection_generate_messages_lisp[0m
[  3%] [34m[1mGenerating Lisp code from dynamic_introspection/BoolParameter.msg[0m
[  6%] [34m[1mGenerating Lisp code from dynamic_introspection/IntrospectionMsg.msg[0m
[ 10%] [34m[1mGenerating Lisp code from dynamic_introspection/DoubleParameter.msg[0m
[35m[1mScanning dependencies of target dynamic_introspection_generate_messages_nodejs[0m
[ 13%] [34m[1mGenerating Javascript code from dynamic_introspection/BoolParameter.msg[0m
[35m[1mScanning dependencies of target dynamic_introspection_generate_messages_cpp[0m
[ 16%] [34m[1mGenerating C++ code from dynamic_introspection/BoolParameter.msg[0m
[ 20%] [34m[1mGenerating Lisp code from dynamic_introspection/IntParameter.msg[0m
[ 23%] [34m[1mGenerating Javascript code from dynamic_introspection/IntrospectionMsg.msg[0m
[ 26%] [34m[1mGenerating Lisp code from dynamic_introspection/MarkerParameter.msg[0m
[ 30%] [34m[1mGenerating Javascript code from dynamic_introspection/DoubleParameter.msg[0m
[ 30%] Built target dynamic_introspection_generate_messages_lisp
[ 33%] [34m[1mGenerating C++ code from dynamic_introspection/IntrospectionMsg.msg[0m
[ 36%] [34m[1mGenerating C++ code from dynamic_introspection/DoubleParameter.msg[0m
[ 40%] [34m[1mGenerating Javascript code from dynamic_introspection/IntParameter.msg[0m
[ 43%] [34m[1mGenerating Javascript code from dynamic_introspection/MarkerParameter.msg[0m
[ 46%] [34m[1mGenerating C++ code from dynamic_introspection/IntParameter.msg[0m
[ 50%] [34m[1mGenerating C++ code from dynamic_introspection/MarkerParameter.msg[0m
[ 50%] Built target dynamic_introspection_generate_messages_nodejs
[35m[1mScanning dependencies of target dynamic_introspection_generate_messages_eus[0m
[ 53%] [34m[1mGenerating EusLisp code from dynamic_introspection/BoolParameter.msg[0m
[ 56%] [34m[1mGenerating EusLisp code from dynamic_introspection/IntrospectionMsg.msg[0m
[ 60%] [34m[1mGenerating EusLisp code from dynamic_introspection/DoubleParameter.msg[0m
[ 60%] Built target dynamic_introspection_generate_messages_cpp
[35m[1mScanning dependencies of target dynamic_introspection_generate_messages_py[0m
[ 63%] [34m[1mGenerating Python from MSG dynamic_introspection/BoolParameter[0m
[ 66%] [34m[1mGenerating EusLisp code from dynamic_introspection/IntParameter.msg[0m
[ 70%] [34m[1mGenerating EusLisp code from dynamic_introspection/MarkerParameter.msg[0m
[ 73%] [34m[1mGenerating EusLisp manifest code for dynamic_introspection[0m
[ 76%] [34m[1mGenerating Python from MSG dynamic_introspection/IntrospectionMsg[0m
[ 80%] [34m[1mGenerating Python from MSG dynamic_introspection/DoubleParameter[0m
[ 83%] [34m[1mGenerating Python from MSG dynamic_introspection/IntParameter[0m
[ 86%] [34m[1mGenerating Python from MSG dynamic_introspection/MarkerParameter[0m
[ 90%] [34m[1mGenerating Python msg __init__.py for dynamic_introspection[0m
[ 90%] Built target dynamic_introspection_generate_messages_py
[ 90%] Built target dynamic_introspection_generate_messages_eus
[35m[1mScanning dependencies of target dynamic_introspection[0m
[ 93%] [32mBuilding CXX object CMakeFiles/dynamic_introspection.dir/src/dynamic_introspection_utils.cpp.o[0m
[ 96%] [32mBuilding CXX object CMakeFiles/dynamic_introspection.dir/src/introspection_online_utils.cpp.o[0m
[35m[1mScanning dependencies of target dynamic_introspection_generate_messages[0m
[ 96%] Built target dynamic_introspection_generate_messages
[100%] [32m[1mLinking CXX shared library /home/tomer/cogrob_project/devel/.private/dynamic_introspection/lib/libdynamic_introspection.so[0m
[100%] Built target dynamic_introspection
