[35m[1mScanning dependencies of target _pal_wifi_localization_msgs_generate_messages_check_deps_GetWifiMap[0m
[  0%] Built target _pal_wifi_localization_msgs_generate_messages_check_deps_GetWifiMap
[35m[1mScanning dependencies of target geometry_msgs_generate_messages_cpp[0m
[  0%] Built target geometry_msgs_generate_messages_cpp
[35m[1mScanning dependencies of target nav_msgs_generate_messages_cpp[0m
[  0%] Built target nav_msgs_generate_messages_cpp
[35m[1mScanning dependencies of target _pal_wifi_localization_msgs_generate_messages_check_deps_WifiSignalList[0m
[  0%] Built target _pal_wifi_localization_msgs_generate_messages_check_deps_WifiSignalList
[35m[1mScanning dependencies of target _pal_wifi_localization_msgs_generate_messages_check_deps_WifiSignalMap[0m
[  0%] Built target _pal_wifi_localization_msgs_generate_messages_check_deps_WifiSignalMap
[35m[1mScanning dependencies of target _pal_wifi_localization_msgs_generate_messages_check_deps_WifiSignal[0m
[  0%] Built target _pal_wifi_localization_msgs_generate_messages_check_deps_WifiSignal
[35m[1mScanning dependencies of target geometry_msgs_generate_messages_py[0m
[  0%] Built target geometry_msgs_generate_messages_py
[35m[1mScanning dependencies of target nav_msgs_generate_messages_py[0m
[  0%] Built target nav_msgs_generate_messages_py
[35m[1mScanning dependencies of target geometry_msgs_generate_messages_nodejs[0m
[  0%] Built target geometry_msgs_generate_messages_nodejs
[35m[1mScanning dependencies of target nav_msgs_generate_messages_nodejs[0m
[  0%] Built target nav_msgs_generate_messages_nodejs
[35m[1mScanning dependencies of target nav_msgs_generate_messages_lisp[0m
[  0%] Built target nav_msgs_generate_messages_lisp
[35m[1mScanning dependencies of target geometry_msgs_generate_messages_lisp[0m
[  0%] Built target geometry_msgs_generate_messages_lisp
[35m[1mScanning dependencies of target geometry_msgs_generate_messages_eus[0m
[  0%] Built target geometry_msgs_generate_messages_eus
[35m[1mScanning dependencies of target nav_msgs_generate_messages_eus[0m
[  0%] Built target nav_msgs_generate_messages_eus
[35m[1mScanning dependencies of target pal_wifi_localization_msgs_generate_messages_cpp[0m
[  4%] [34m[1mGenerating C++ code from pal_wifi_localization_msgs/WifiSignalList.msg[0m
[  8%] [34m[1mGenerating C++ code from pal_wifi_localization_msgs/WifiSignalMap.msg[0m
[ 13%] [34m[1mGenerating C++ code from pal_wifi_localization_msgs/WifiSignal.msg[0m
[ 17%] [34m[1mGenerating C++ code from pal_wifi_localization_msgs/GetWifiMap.srv[0m
[ 17%] Built target pal_wifi_localization_msgs_generate_messages_cpp
[35m[1mScanning dependencies of target pal_wifi_localization_msgs_generate_messages_py[0m
[ 21%] [34m[1mGenerating Python from MSG pal_wifi_localization_msgs/WifiSignalList[0m
[ 26%] [34m[1mGenerating Python from MSG pal_wifi_localization_msgs/WifiSignalMap[0m
[ 30%] [34m[1mGenerating Python from MSG pal_wifi_localization_msgs/WifiSignal[0m
[35m[1mScanning dependencies of target pal_wifi_localization_msgs_generate_messages_nodejs[0m
[ 34%] [34m[1mGenerating Javascript code from pal_wifi_localization_msgs/WifiSignalList.msg[0m
[ 39%] [34m[1mGenerating Javascript code from pal_wifi_localization_msgs/WifiSignalMap.msg[0m
[ 43%] [34m[1mGenerating Javascript code from pal_wifi_localization_msgs/WifiSignal.msg[0m
[ 47%] [34m[1mGenerating Python code from SRV pal_wifi_localization_msgs/GetWifiMap[0m
[ 52%] [34m[1mGenerating Javascript code from pal_wifi_localization_msgs/GetWifiMap.srv[0m
[ 52%] Built target pal_wifi_localization_msgs_generate_messages_nodejs
[35m[1mScanning dependencies of target pal_wifi_localization_msgs_generate_messages_lisp[0m
[ 56%] [34m[1mGenerating Lisp code from pal_wifi_localization_msgs/WifiSignalList.msg[0m
[ 60%] [34m[1mGenerating Lisp code from pal_wifi_localization_msgs/WifiSignalMap.msg[0m
[ 65%] [34m[1mGenerating Python msg __init__.py for pal_wifi_localization_msgs[0m
[ 69%] [34m[1mGenerating Lisp code from pal_wifi_localization_msgs/WifiSignal.msg[0m
[ 73%] [34m[1mGenerating Lisp code from pal_wifi_localization_msgs/GetWifiMap.srv[0m
[ 73%] Built target pal_wifi_localization_msgs_generate_messages_lisp
[35m[1mScanning dependencies of target pal_wifi_localization_msgs_generate_messages_eus[0m
[ 78%] [34m[1mGenerating EusLisp code from pal_wifi_localization_msgs/WifiSignalList.msg[0m
[ 82%] [34m[1mGenerating Python srv __init__.py for pal_wifi_localization_msgs[0m
[ 86%] [34m[1mGenerating EusLisp code from pal_wifi_localization_msgs/WifiSignalMap.msg[0m
[ 91%] [34m[1mGenerating EusLisp code from pal_wifi_localization_msgs/WifiSignal.msg[0m
[ 91%] Built target pal_wifi_localization_msgs_generate_messages_py
[ 95%] [34m[1mGenerating EusLisp code from pal_wifi_localization_msgs/GetWifiMap.srv[0m
[100%] [34m[1mGenerating EusLisp manifest code for pal_wifi_localization_msgs[0m
[100%] Built target pal_wifi_localization_msgs_generate_messages_eus
[35m[1mScanning dependencies of target pal_wifi_localization_msgs_generate_messages[0m
[100%] Built target pal_wifi_localization_msgs_generate_messages
