Symlinking /home/tomer/cogrob_project/devel/include/gazebo_plugins/GazeboRosOpenniKinectConfig.h
Symlinking /home/tomer/cogrob_project/devel/include/gazebo_plugins/GazeboRosCameraConfig.h
Symlinking /home/tomer/cogrob_project/devel/include/gazebo_plugins/HokuyoConfig.h
Symlinking /home/tomer/cogrob_project/devel/include/gazebo_plugins/CameraSynchronizerConfig.h
Symlinking /home/tomer/cogrob_project/devel/share/gazebo_plugins/docs/GazeboRosOpenniKinectConfig-usage.dox
Symlinking /home/tomer/cogrob_project/devel/share/gazebo_plugins/docs/GazeboRosOpenniKinectConfig.wikidoc
Symlinking /home/tomer/cogrob_project/devel/share/gazebo_plugins/docs/GazeboRosCameraConfig.wikidoc
Symlinking /home/tomer/cogrob_project/devel/share/gazebo_plugins/docs/GazeboRosCameraConfig-usage.dox
Symlinking /home/tomer/cogrob_project/devel/share/gazebo_plugins/docs/GazeboRosCameraConfig.dox
Symlinking /home/tomer/cogrob_project/devel/share/gazebo_plugins/docs/HokuyoConfig.dox
Symlinking /home/tomer/cogrob_project/devel/share/gazebo_plugins/docs/GazeboRosOpenniKinectConfig.dox
Symlinking /home/tomer/cogrob_project/devel/share/gazebo_plugins/docs/CameraSynchronizerConfig-usage.dox
Symlinking /home/tomer/cogrob_project/devel/share/gazebo_plugins/docs/HokuyoConfig.wikidoc
Symlinking /home/tomer/cogrob_project/devel/share/gazebo_plugins/docs/CameraSynchronizerConfig.wikidoc
Symlinking /home/tomer/cogrob_project/devel/share/gazebo_plugins/docs/CameraSynchronizerConfig.dox
Symlinking /home/tomer/cogrob_project/devel/share/gazebo_plugins/docs/HokuyoConfig-usage.dox
Symlinking /home/tomer/cogrob_project/devel/share/gazebo_plugins/cmake/gazebo_pluginsConfig.cmake
Symlinking /home/tomer/cogrob_project/devel/share/gazebo_plugins/cmake/gazebo_pluginsConfig-version.cmake
Symlinking /home/tomer/cogrob_project/devel/lib/libgazebo_ros_block_laser.so
Symlinking /home/tomer/cogrob_project/devel/lib/libgazebo_ros_joint_pose_trajectory.so
Symlinking /home/tomer/cogrob_project/devel/lib/libgazebo_ros_f3d.so
Symlinking /home/tomer/cogrob_project/devel/lib/libgazebo_ros_projector.so
Symlinking /home/tomer/cogrob_project/devel/lib/libgazebo_ros_template.so
Symlinking /home/tomer/cogrob_project/devel/lib/libgazebo_ros_video.so
Symlinking /home/tomer/cogrob_project/devel/lib/libgazebo_ros_skid_steer_drive.so
Symlinking /home/tomer/cogrob_project/devel/lib/libgazebo_ros_camera_utils.so
Symlinking /home/tomer/cogrob_project/devel/lib/libgazebo_ros_imu_sensor.so
Symlinking /home/tomer/cogrob_project/devel/lib/libgazebo_ros_multicamera.so
Symlinking /home/tomer/cogrob_project/devel/lib/libgazebo_ros_joint_trajectory.so
Symlinking /home/tomer/cogrob_project/devel/lib/libgazebo_ros_imu.so
Symlinking /home/tomer/cogrob_project/devel/lib/libvision_reconfigure.so
Symlinking /home/tomer/cogrob_project/devel/lib/libgazebo_ros_elevator.so
Symlinking /home/tomer/cogrob_project/devel/lib/libgazebo_ros_range.so
Symlinking /home/tomer/cogrob_project/devel/lib/libgazebo_ros_depth_camera.so
Symlinking /home/tomer/cogrob_project/devel/lib/libMultiCameraPlugin.so
Symlinking /home/tomer/cogrob_project/devel/lib/libgazebo_ros_ft_sensor.so
Symlinking /home/tomer/cogrob_project/devel/lib/libgazebo_ros_utils.so
Symlinking /home/tomer/cogrob_project/devel/lib/libgazebo_ros_force.so
Symlinking /home/tomer/cogrob_project/devel/lib/libgazebo_ros_vacuum_gripper.so
Symlinking /home/tomer/cogrob_project/devel/lib/libgazebo_ros_laser.so
Symlinking /home/tomer/cogrob_project/devel/lib/libgazebo_ros_harness.so
Symlinking /home/tomer/cogrob_project/devel/lib/libgazebo_ros_prosilica.so
Symlinking /home/tomer/cogrob_project/devel/lib/libgazebo_ros_tricycle_drive.so
Symlinking /home/tomer/cogrob_project/devel/lib/libgazebo_ros_diff_drive.so
Symlinking /home/tomer/cogrob_project/devel/lib/libgazebo_ros_gpu_laser.so
Symlinking /home/tomer/cogrob_project/devel/lib/libgazebo_ros_openni_kinect.so
Symlinking /home/tomer/cogrob_project/devel/lib/libgazebo_ros_planar_move.so
Symlinking /home/tomer/cogrob_project/devel/lib/libgazebo_ros_joint_state_publisher.so
Symlinking /home/tomer/cogrob_project/devel/lib/libgazebo_ros_p3d.so
Symlinking /home/tomer/cogrob_project/devel/lib/libgazebo_ros_camera.so
Symlinking /home/tomer/cogrob_project/devel/lib/libgazebo_ros_hand_of_god.so
Symlinking /home/tomer/cogrob_project/devel/lib/libgazebo_ros_bumper.so
Symlinking /home/tomer/cogrob_project/devel/lib/python3/dist-packages/gazebo_plugins/__init__.py
Symlinking /home/tomer/cogrob_project/devel/lib/python3/dist-packages/gazebo_plugins/cfg/__init__.py
Symlinking /home/tomer/cogrob_project/devel/lib/python3/dist-packages/gazebo_plugins/cfg/HokuyoConfig.py
Symlinking /home/tomer/cogrob_project/devel/lib/python3/dist-packages/gazebo_plugins/cfg/CameraSynchronizerConfig.py
Symlinking /home/tomer/cogrob_project/devel/lib/python3/dist-packages/gazebo_plugins/cfg/GazeboRosOpenniKinectConfig.py
Symlinking /home/tomer/cogrob_project/devel/lib/python3/dist-packages/gazebo_plugins/cfg/GazeboRosCameraConfig.py
Symlinking /home/tomer/cogrob_project/devel/lib/gazebo_plugins/hokuyo_node
Symlinking /home/tomer/cogrob_project/devel/lib/gazebo_plugins/camera_synchronizer
Symlinking /home/tomer/cogrob_project/devel/lib/gazebo_plugins/pub_joint_trajectory_test
Symlinking /home/tomer/cogrob_project/devel/lib/pkgconfig/gazebo_plugins.pc
