[35m[1mScanning dependencies of target _play_motion_msgs_generate_messages_check_deps_PlayMotionResult[0m
[  0%] Built target _play_motion_msgs_generate_messages_check_deps_PlayMotionResult
[35m[1mScanning dependencies of target _play_motion_msgs_generate_messages_check_deps_PlayMotionActionFeedback[0m
[  0%] Built target _play_motion_msgs_generate_messages_check_deps_PlayMotionActionFeedback
[35m[1mScanning dependencies of target _play_motion_msgs_generate_messages_check_deps_PlayMotionGoal[0m
[  0%] Built target _play_motion_msgs_generate_messages_check_deps_PlayMotionGoal
[35m[1mScanning dependencies of target actionlib_msgs_generate_messages_cpp[0m
[  0%] Built target actionlib_msgs_generate_messages_cpp
[35m[1mScanning dependencies of target _play_motion_msgs_generate_messages_check_deps_MotionInfo[0m
[  0%] Built target _play_motion_msgs_generate_messages_check_deps_MotionInfo
[35m[1mScanning dependencies of target _play_motion_msgs_generate_messages_check_deps_PlayMotionActionResult[0m
[  0%] Built target _play_motion_msgs_generate_messages_check_deps_PlayMotionActionResult
[35m[1mScanning dependencies of target _play_motion_msgs_generate_messages_check_deps_PlayMotionAction[0m
[  0%] Built target _play_motion_msgs_generate_messages_check_deps_PlayMotionAction
[35m[1mScanning dependencies of target _play_motion_msgs_generate_messages_check_deps_IsAlreadyThere[0m
[  0%] Built target _play_motion_msgs_generate_messages_check_deps_IsAlreadyThere
[35m[1mScanning dependencies of target _play_motion_msgs_generate_messages_check_deps_PlayMotionActionGoal[0m
[35m[1mScanning dependencies of target _play_motion_msgs_generate_messages_check_deps_PlayMotionFeedback[0m
[  0%] Built target _play_motion_msgs_generate_messages_check_deps_PlayMotionActionGoal
[35m[1mScanning dependencies of target _play_motion_msgs_generate_messages_check_deps_ListMotions[0m
[  0%] Built target _play_motion_msgs_generate_messages_check_deps_PlayMotionFeedback
[35m[1mScanning dependencies of target actionlib_msgs_generate_messages_nodejs[0m
[  0%] Built target actionlib_msgs_generate_messages_nodejs
[35m[1mScanning dependencies of target actionlib_msgs_generate_messages_py[0m
[  0%] Built target actionlib_msgs_generate_messages_py
[  0%] Built target _play_motion_msgs_generate_messages_check_deps_ListMotions
[35m[1mScanning dependencies of target actionlib_msgs_generate_messages_eus[0m
[  0%] Built target actionlib_msgs_generate_messages_eus
[35m[1mScanning dependencies of target actionlib_msgs_generate_messages_lisp[0m
[  0%] Built target actionlib_msgs_generate_messages_lisp
[35m[1mScanning dependencies of target play_motion_msgs_generate_messages_cpp[0m
[  1%] [34m[1mGenerating C++ code from play_motion_msgs/MotionInfo.msg[0m
[35m[1mScanning dependencies of target play_motion_msgs_generate_messages_nodejs[0m
[  3%] [34m[1mGenerating Javascript code from play_motion_msgs/MotionInfo.msg[0m
[  5%] [34m[1mGenerating Javascript code from play_motion_msgs/PlayMotionAction.msg[0m
[  7%] [34m[1mGenerating C++ code from play_motion_msgs/PlayMotionAction.msg[0m
[  9%] [34m[1mGenerating Javascript code from play_motion_msgs/PlayMotionActionGoal.msg[0m
[ 11%] [34m[1mGenerating C++ code from play_motion_msgs/PlayMotionActionGoal.msg[0m
[ 13%] [34m[1mGenerating Javascript code from play_motion_msgs/PlayMotionActionResult.msg[0m
[ 15%] [34m[1mGenerating Javascript code from play_motion_msgs/PlayMotionActionFeedback.msg[0m
[ 16%] [34m[1mGenerating C++ code from play_motion_msgs/PlayMotionActionResult.msg[0m
[ 18%] [34m[1mGenerating C++ code from play_motion_msgs/PlayMotionActionFeedback.msg[0m
[ 20%] [34m[1mGenerating Javascript code from play_motion_msgs/PlayMotionGoal.msg[0m
[ 22%] [34m[1mGenerating Javascript code from play_motion_msgs/PlayMotionResult.msg[0m
[ 24%] [34m[1mGenerating C++ code from play_motion_msgs/PlayMotionGoal.msg[0m
[ 26%] [34m[1mGenerating C++ code from play_motion_msgs/PlayMotionResult.msg[0m
[ 28%] [34m[1mGenerating Javascript code from play_motion_msgs/PlayMotionFeedback.msg[0m
[ 30%] [34m[1mGenerating Javascript code from play_motion_msgs/IsAlreadyThere.srv[0m
[ 32%] [34m[1mGenerating Javascript code from play_motion_msgs/ListMotions.srv[0m
[ 33%] [34m[1mGenerating C++ code from play_motion_msgs/PlayMotionFeedback.msg[0m
[35m[1mScanning dependencies of target play_motion_msgs_generate_messages_py[0m
[ 35%] [34m[1mGenerating Python from MSG play_motion_msgs/MotionInfo[0m
[ 35%] Built target play_motion_msgs_generate_messages_nodejs
[ 37%] [34m[1mGenerating Python from MSG play_motion_msgs/PlayMotionAction[0m
[ 39%] [34m[1mGenerating C++ code from play_motion_msgs/IsAlreadyThere.srv[0m
[ 41%] [34m[1mGenerating Python from MSG play_motion_msgs/PlayMotionActionGoal[0m
[ 43%] [34m[1mGenerating Python from MSG play_motion_msgs/PlayMotionActionResult[0m
[ 45%] [34m[1mGenerating C++ code from play_motion_msgs/ListMotions.srv[0m
[ 47%] [34m[1mGenerating Python from MSG play_motion_msgs/PlayMotionActionFeedback[0m
[ 49%] [34m[1mGenerating Python from MSG play_motion_msgs/PlayMotionGoal[0m
[ 49%] Built target play_motion_msgs_generate_messages_cpp
[ 50%] [34m[1mGenerating Python from MSG play_motion_msgs/PlayMotionResult[0m
[ 52%] [34m[1mGenerating Python from MSG play_motion_msgs/PlayMotionFeedback[0m
[ 54%] [34m[1mGenerating Python code from SRV play_motion_msgs/IsAlreadyThere[0m
[ 56%] [34m[1mGenerating Python code from SRV play_motion_msgs/ListMotions[0m
[35m[1mScanning dependencies of target play_motion_msgs_generate_messages_eus[0m
[ 58%] [34m[1mGenerating EusLisp code from play_motion_msgs/MotionInfo.msg[0m
[ 60%] [34m[1mGenerating EusLisp code from play_motion_msgs/PlayMotionAction.msg[0m
[ 62%] [34m[1mGenerating EusLisp code from play_motion_msgs/PlayMotionActionGoal.msg[0m
[ 64%] [34m[1mGenerating Python msg __init__.py for play_motion_msgs[0m
[ 66%] [34m[1mGenerating EusLisp code from play_motion_msgs/PlayMotionActionResult.msg[0m
[ 67%] [34m[1mGenerating EusLisp code from play_motion_msgs/PlayMotionActionFeedback.msg[0m
[ 69%] [34m[1mGenerating EusLisp code from play_motion_msgs/PlayMotionGoal.msg[0m
[ 71%] [34m[1mGenerating EusLisp code from play_motion_msgs/PlayMotionResult.msg[0m
[ 73%] [34m[1mGenerating Python srv __init__.py for play_motion_msgs[0m
[ 75%] [34m[1mGenerating EusLisp code from play_motion_msgs/PlayMotionFeedback.msg[0m
[35m[1mScanning dependencies of target play_motion_msgs_generate_messages_lisp[0m
[ 77%] [34m[1mGenerating Lisp code from play_motion_msgs/MotionInfo.msg[0m
[ 79%] [34m[1mGenerating EusLisp code from play_motion_msgs/IsAlreadyThere.srv[0m
[ 81%] [34m[1mGenerating Lisp code from play_motion_msgs/PlayMotionAction.msg[0m
[ 83%] [34m[1mGenerating Lisp code from play_motion_msgs/PlayMotionActionGoal.msg[0m
[ 84%] [34m[1mGenerating EusLisp code from play_motion_msgs/ListMotions.srv[0m
[ 84%] Built target play_motion_msgs_generate_messages_py
[ 86%] [34m[1mGenerating Lisp code from play_motion_msgs/PlayMotionActionResult.msg[0m
[ 88%] [34m[1mGenerating Lisp code from play_motion_msgs/PlayMotionActionFeedback.msg[0m
[ 90%] [34m[1mGenerating EusLisp manifest code for play_motion_msgs[0m
[ 92%] [34m[1mGenerating Lisp code from play_motion_msgs/PlayMotionGoal.msg[0m
[ 94%] [34m[1mGenerating Lisp code from play_motion_msgs/PlayMotionResult.msg[0m
[ 96%] [34m[1mGenerating Lisp code from play_motion_msgs/PlayMotionFeedback.msg[0m
[ 98%] [34m[1mGenerating Lisp code from play_motion_msgs/IsAlreadyThere.srv[0m
[100%] [34m[1mGenerating Lisp code from play_motion_msgs/ListMotions.srv[0m
[100%] Built target play_motion_msgs_generate_messages_lisp
[100%] Built target play_motion_msgs_generate_messages_eus
[35m[1mScanning dependencies of target play_motion_msgs_generate_messages[0m
[100%] Built target play_motion_msgs_generate_messages
