[35m[1mScanning dependencies of target tf2_msgs_generate_messages_nodejs[0m
[  0%] Built target tf2_msgs_generate_messages_nodejs
[35m[1mScanning dependencies of target social_navigation_layers_gencfg[0m
[ 20%] [34m[1mGenerating dynamic reconfigure files from cfg/ProxemicLayer.cfg: /home/tomer/cogrob_project/devel/.private/social_navigation_layers/include/social_navigation_layers/ProxemicLayerConfig.h /home/tomer/cogrob_project/devel/.private/social_navigation_layers/lib/python3/dist-packages/social_navigation_layers/cfg/ProxemicLayerConfig.py[0m
Generating reconfiguration files for ProxemicLayer in social_navigation_layers
Wrote header file in /home/tomer/cogrob_project/devel/.private/social_navigation_layers/include/social_navigation_layers/ProxemicLayerConfig.h
[ 20%] Built target social_navigation_layers_gencfg
[35m[1mScanning dependencies of target people_msgs_generate_messages_nodejs[0m
[ 20%] Built target people_msgs_generate_messages_nodejs
[35m[1mScanning dependencies of target visualization_msgs_generate_messages_py[0m
[ 20%] Built target visualization_msgs_generate_messages_py
[35m[1mScanning dependencies of target visualization_msgs_generate_messages_nodejs[0m
[ 20%] Built target visualization_msgs_generate_messages_nodejs
[35m[1mScanning dependencies of target people_msgs_generate_messages_lisp[0m
[ 20%] Built target people_msgs_generate_messages_lisp
[35m[1mScanning dependencies of target map_msgs_generate_messages_py[0m
[ 20%] Built target map_msgs_generate_messages_py
[35m[1mScanning dependencies of target map_msgs_generate_messages_nodejs[0m
[ 20%] Built target map_msgs_generate_messages_nodejs
[35m[1mScanning dependencies of target map_msgs_generate_messages_lisp[0m
[ 20%] Built target map_msgs_generate_messages_lisp
[35m[1mScanning dependencies of target map_msgs_generate_messages_cpp[0m
[ 20%] Built target map_msgs_generate_messages_cpp
[35m[1mScanning dependencies of target tf_generate_messages_nodejs[0m
[ 20%] Built target tf_generate_messages_nodejs
[35m[1mScanning dependencies of target roscpp_generate_messages_py[0m
[ 20%] Built target roscpp_generate_messages_py
[35m[1mScanning dependencies of target std_msgs_generate_messages_cpp[0m
[ 20%] Built target std_msgs_generate_messages_cpp
[35m[1mScanning dependencies of target geometry_msgs_generate_messages_eus[0m
[ 20%] Built target geometry_msgs_generate_messages_eus
[35m[1mScanning dependencies of target visualization_msgs_generate_messages_lisp[0m
[ 20%] Built target visualization_msgs_generate_messages_lisp
[35m[1mScanning dependencies of target nav_msgs_generate_messages_lisp[0m
[ 20%] Built target nav_msgs_generate_messages_lisp
[35m[1mScanning dependencies of target nav_msgs_generate_messages_eus[0m
[ 20%] Built target nav_msgs_generate_messages_eus
[35m[1mScanning dependencies of target people_msgs_generate_messages_cpp[0m
[ 20%] Built target people_msgs_generate_messages_cpp
[35m[1mScanning dependencies of target visualization_msgs_generate_messages_eus[0m
[ 20%] Built target visualization_msgs_generate_messages_eus
[35m[1mScanning dependencies of target nav_msgs_generate_messages_cpp[0m
[ 20%] Built target nav_msgs_generate_messages_cpp
[35m[1mScanning dependencies of target std_msgs_generate_messages_nodejs[0m
[ 20%] Built target std_msgs_generate_messages_nodejs
[35m[1mScanning dependencies of target std_msgs_generate_messages_py[0m
[ 20%] Built target std_msgs_generate_messages_py
[35m[1mScanning dependencies of target geometry_msgs_generate_messages_lisp[0m
[ 20%] Built target geometry_msgs_generate_messages_lisp
[35m[1mScanning dependencies of target tf_generate_messages_cpp[0m
[ 20%] Built target tf_generate_messages_cpp
[35m[1mScanning dependencies of target dynamic_reconfigure_gencfg[0m
[ 20%] Built target dynamic_reconfigure_gencfg
[35m[1mScanning dependencies of target tf_generate_messages_eus[0m
[ 20%] Built target tf_generate_messages_eus
[35m[1mScanning dependencies of target rosgraph_msgs_generate_messages_lisp[0m
[ 20%] Built target rosgraph_msgs_generate_messages_lisp
[35m[1mScanning dependencies of target dynamic_reconfigure_generate_messages_py[0m
[ 20%] Built target dynamic_reconfigure_generate_messages_py
[35m[1mScanning dependencies of target actionlib_msgs_generate_messages_eus[0m
[ 20%] Built target actionlib_msgs_generate_messages_eus
[35m[1mScanning dependencies of target rosgraph_msgs_generate_messages_py[0m
[ 20%] Built target rosgraph_msgs_generate_messages_py
[35m[1mScanning dependencies of target nav_msgs_generate_messages_py[0m
[ 20%] Built target nav_msgs_generate_messages_py
[35m[1mScanning dependencies of target tf_generate_messages_lisp[0m
[ 20%] Built target tf_generate_messages_lisp
[35m[1mScanning dependencies of target dynamic_reconfigure_generate_messages_cpp[0m
[ 20%] Built target dynamic_reconfigure_generate_messages_cpp
[35m[1mScanning dependencies of target dynamic_reconfigure_generate_messages_eus[0m
[ 20%] Built target dynamic_reconfigure_generate_messages_eus
[35m[1mScanning dependencies of target geometry_msgs_generate_messages_nodejs[0m
[ 20%] Built target geometry_msgs_generate_messages_nodejs
[35m[1mScanning dependencies of target costmap_2d_generate_messages_cpp[0m
[ 20%] Built target costmap_2d_generate_messages_cpp
[35m[1mScanning dependencies of target rosgraph_msgs_generate_messages_nodejs[0m
[ 20%] Built target rosgraph_msgs_generate_messages_nodejs
[35m[1mScanning dependencies of target actionlib_generate_messages_cpp[0m
[ 20%] Built target actionlib_generate_messages_cpp
[35m[1mScanning dependencies of target actionlib_msgs_generate_messages_py[0m
[ 20%] Built target actionlib_msgs_generate_messages_py
[35m[1mScanning dependencies of target costmap_2d_generate_messages_lisp[0m
[ 20%] Built target costmap_2d_generate_messages_lisp
[35m[1mScanning dependencies of target roscpp_generate_messages_lisp[0m
[ 20%] Built target roscpp_generate_messages_lisp
[35m[1mScanning dependencies of target actionlib_generate_messages_lisp[0m
[ 20%] Built target actionlib_generate_messages_lisp
[35m[1mScanning dependencies of target map_msgs_generate_messages_eus[0m
[ 20%] Built target map_msgs_generate_messages_eus
[35m[1mScanning dependencies of target _catkin_empty_exported_target[0m
[ 20%] Built target _catkin_empty_exported_target
[35m[1mScanning dependencies of target costmap_2d_gencfg[0m
[ 20%] Built target costmap_2d_gencfg
[35m[1mScanning dependencies of target people_msgs_generate_messages_py[0m
[ 20%] Built target people_msgs_generate_messages_py
[35m[1mScanning dependencies of target tf2_msgs_generate_messages_cpp[0m
[ 20%] Built target tf2_msgs_generate_messages_cpp
[35m[1mScanning dependencies of target dynamic_reconfigure_generate_messages_lisp[0m
[ 20%] Built target dynamic_reconfigure_generate_messages_lisp
[35m[1mScanning dependencies of target geometry_msgs_generate_messages_py[0m
[ 20%] Built target geometry_msgs_generate_messages_py
[35m[1mScanning dependencies of target geometry_msgs_generate_messages_cpp[0m
[ 20%] Built target geometry_msgs_generate_messages_cpp
[35m[1mScanning dependencies of target costmap_2d_generate_messages_eus[0m
[ 20%] Built target costmap_2d_generate_messages_eus
[35m[1mScanning dependencies of target std_msgs_generate_messages_lisp[0m
[ 20%] Built target std_msgs_generate_messages_lisp
[35m[1mScanning dependencies of target costmap_2d_generate_messages_nodejs[0m
[ 20%] Built target costmap_2d_generate_messages_nodejs
[35m[1mScanning dependencies of target tf2_msgs_generate_messages_lisp[0m
[ 20%] Built target tf2_msgs_generate_messages_lisp
[35m[1mScanning dependencies of target costmap_2d_generate_messages_py[0m
[ 20%] Built target costmap_2d_generate_messages_py
[35m[1mScanning dependencies of target tf2_msgs_generate_messages_py[0m
[ 20%] Built target tf2_msgs_generate_messages_py
[35m[1mScanning dependencies of target dynamic_reconfigure_generate_messages_nodejs[0m
[ 20%] Built target dynamic_reconfigure_generate_messages_nodejs
[35m[1mScanning dependencies of target nav_msgs_generate_messages_nodejs[0m
[ 20%] Built target nav_msgs_generate_messages_nodejs
[35m[1mScanning dependencies of target sensor_msgs_generate_messages_cpp[0m
[ 20%] Built target sensor_msgs_generate_messages_cpp
[35m[1mScanning dependencies of target roscpp_generate_messages_cpp[0m
[ 20%] Built target roscpp_generate_messages_cpp
[35m[1mScanning dependencies of target people_msgs_generate_messages_eus[0m
[ 20%] Built target people_msgs_generate_messages_eus
[35m[1mScanning dependencies of target roscpp_generate_messages_eus[0m
[ 20%] Built target roscpp_generate_messages_eus
[35m[1mScanning dependencies of target sensor_msgs_generate_messages_py[0m
[ 20%] Built target sensor_msgs_generate_messages_py
[35m[1mScanning dependencies of target tf2_msgs_generate_messages_eus[0m
[ 20%] Built target tf2_msgs_generate_messages_eus
[35m[1mScanning dependencies of target roscpp_generate_messages_nodejs[0m
[ 20%] Built target roscpp_generate_messages_nodejs
[35m[1mScanning dependencies of target rosgraph_msgs_generate_messages_eus[0m
[ 20%] Built target rosgraph_msgs_generate_messages_eus
[35m[1mScanning dependencies of target visualization_msgs_generate_messages_cpp[0m
[ 20%] Built target visualization_msgs_generate_messages_cpp
[35m[1mScanning dependencies of target sensor_msgs_generate_messages_eus[0m
[ 20%] Built target sensor_msgs_generate_messages_eus
[35m[1mScanning dependencies of target sensor_msgs_generate_messages_lisp[0m
[ 20%] Built target sensor_msgs_generate_messages_lisp
[35m[1mScanning dependencies of target sensor_msgs_generate_messages_nodejs[0m
[ 20%] Built target sensor_msgs_generate_messages_nodejs
[35m[1mScanning dependencies of target rosgraph_msgs_generate_messages_cpp[0m
[ 20%] Built target rosgraph_msgs_generate_messages_cpp
[35m[1mScanning dependencies of target actionlib_generate_messages_eus[0m
[ 20%] Built target actionlib_generate_messages_eus
[35m[1mScanning dependencies of target actionlib_msgs_generate_messages_cpp[0m
[ 20%] Built target actionlib_msgs_generate_messages_cpp
[35m[1mScanning dependencies of target actionlib_generate_messages_nodejs[0m
[ 20%] Built target actionlib_generate_messages_nodejs
[35m[1mScanning dependencies of target actionlib_generate_messages_py[0m
[ 20%] Built target actionlib_generate_messages_py
[35m[1mScanning dependencies of target tf_generate_messages_py[0m
[ 20%] Built target tf_generate_messages_py
[35m[1mScanning dependencies of target std_msgs_generate_messages_eus[0m
[ 20%] Built target std_msgs_generate_messages_eus
[35m[1mScanning dependencies of target actionlib_msgs_generate_messages_nodejs[0m
[ 20%] Built target actionlib_msgs_generate_messages_nodejs
[35m[1mScanning dependencies of target actionlib_msgs_generate_messages_lisp[0m
[ 20%] Built target actionlib_msgs_generate_messages_lisp
[35m[1mScanning dependencies of target social_layers[0m
[ 40%] [32mBuilding CXX object CMakeFiles/social_layers.dir/src/social_layer.cpp.o[0m
[ 60%] [32mBuilding CXX object CMakeFiles/social_layers.dir/src/proxemic_layer.cpp.o[0m
[ 80%] [32mBuilding CXX object CMakeFiles/social_layers.dir/src/passing_layer.cpp.o[0m
[100%] [32m[1mLinking CXX shared library /home/tomer/cogrob_project/devel/.private/social_navigation_layers/lib/libsocial_layers.so[0m
[100%] Built target social_layers
