Symlinking /home/tomer/cogrob_project/devel/include/pal_web_msgs/WebGoTo.h
Symlinking /home/tomer/cogrob_project/devel/include/pal_web_msgs/GetUserInputFeedback.h
Symlinking /home/tomer/cogrob_project/devel/include/pal_web_msgs/GetUserInputResult.h
Symlinking /home/tomer/cogrob_project/devel/include/pal_web_msgs/GetUserInputActionFeedback.h
Symlinking /home/tomer/cogrob_project/devel/include/pal_web_msgs/GetUserInputActionGoal.h
Symlinking /home/tomer/cogrob_project/devel/include/pal_web_msgs/GetUserInputGoal.h
Symlinking /home/tomer/cogrob_project/devel/include/pal_web_msgs/GetUserInputAction.h
Symlinking /home/tomer/cogrob_project/devel/include/pal_web_msgs/GetUserInputActionResult.h
Symlinking /home/tomer/cogrob_project/devel/share/common-lisp/ros/pal_web_msgs/msg/GetUserInputActionResult.lisp
Symlinking /home/tomer/cogrob_project/devel/share/common-lisp/ros/pal_web_msgs/msg/_package_GetUserInputGoal.lisp
Symlinking /home/tomer/cogrob_project/devel/share/common-lisp/ros/pal_web_msgs/msg/pal_web_msgs-msg.asd
Symlinking /home/tomer/cogrob_project/devel/share/common-lisp/ros/pal_web_msgs/msg/_package_WebGoTo.lisp
Symlinking /home/tomer/cogrob_project/devel/share/common-lisp/ros/pal_web_msgs/msg/WebGoTo.lisp
Symlinking /home/tomer/cogrob_project/devel/share/common-lisp/ros/pal_web_msgs/msg/GetUserInputFeedback.lisp
Symlinking /home/tomer/cogrob_project/devel/share/common-lisp/ros/pal_web_msgs/msg/GetUserInputActionFeedback.lisp
Symlinking /home/tomer/cogrob_project/devel/share/common-lisp/ros/pal_web_msgs/msg/_package.lisp
Symlinking /home/tomer/cogrob_project/devel/share/common-lisp/ros/pal_web_msgs/msg/GetUserInputActionGoal.lisp
Symlinking /home/tomer/cogrob_project/devel/share/common-lisp/ros/pal_web_msgs/msg/_package_GetUserInputResult.lisp
Symlinking /home/tomer/cogrob_project/devel/share/common-lisp/ros/pal_web_msgs/msg/GetUserInputResult.lisp
Symlinking /home/tomer/cogrob_project/devel/share/common-lisp/ros/pal_web_msgs/msg/_package_GetUserInputActionResult.lisp
Symlinking /home/tomer/cogrob_project/devel/share/common-lisp/ros/pal_web_msgs/msg/_package_GetUserInputFeedback.lisp
Symlinking /home/tomer/cogrob_project/devel/share/common-lisp/ros/pal_web_msgs/msg/_package_GetUserInputAction.lisp
Symlinking /home/tomer/cogrob_project/devel/share/common-lisp/ros/pal_web_msgs/msg/_package_GetUserInputActionGoal.lisp
Symlinking /home/tomer/cogrob_project/devel/share/common-lisp/ros/pal_web_msgs/msg/GetUserInputGoal.lisp
Symlinking /home/tomer/cogrob_project/devel/share/common-lisp/ros/pal_web_msgs/msg/GetUserInputAction.lisp
Symlinking /home/tomer/cogrob_project/devel/share/common-lisp/ros/pal_web_msgs/msg/_package_GetUserInputActionFeedback.lisp
Symlinking /home/tomer/cogrob_project/devel/share/pal_web_msgs/cmake/pal_web_msgsConfig.cmake
Symlinking /home/tomer/cogrob_project/devel/share/pal_web_msgs/cmake/pal_web_msgs-msg-extras.cmake
Symlinking /home/tomer/cogrob_project/devel/share/pal_web_msgs/cmake/pal_web_msgs-msg-paths.cmake
Symlinking /home/tomer/cogrob_project/devel/share/pal_web_msgs/cmake/pal_web_msgsConfig-version.cmake
Symlinking /home/tomer/cogrob_project/devel/share/pal_web_msgs/msg/GetUserInputActionFeedback.msg
Symlinking /home/tomer/cogrob_project/devel/share/pal_web_msgs/msg/GetUserInputGoal.msg
Symlinking /home/tomer/cogrob_project/devel/share/pal_web_msgs/msg/GetUserInputResult.msg
Symlinking /home/tomer/cogrob_project/devel/share/pal_web_msgs/msg/GetUserInputFeedback.msg
Symlinking /home/tomer/cogrob_project/devel/share/pal_web_msgs/msg/GetUserInputAction.msg
Symlinking /home/tomer/cogrob_project/devel/share/pal_web_msgs/msg/GetUserInputActionGoal.msg
Symlinking /home/tomer/cogrob_project/devel/share/pal_web_msgs/msg/GetUserInputActionResult.msg
Symlinking /home/tomer/cogrob_project/devel/share/roseus/ros/pal_web_msgs/manifest.l
Symlinking /home/tomer/cogrob_project/devel/share/roseus/ros/pal_web_msgs/msg/GetUserInputGoal.l
Symlinking /home/tomer/cogrob_project/devel/share/roseus/ros/pal_web_msgs/msg/GetUserInputActionGoal.l
Symlinking /home/tomer/cogrob_project/devel/share/roseus/ros/pal_web_msgs/msg/WebGoTo.l
Symlinking /home/tomer/cogrob_project/devel/share/roseus/ros/pal_web_msgs/msg/GetUserInputActionFeedback.l
Symlinking /home/tomer/cogrob_project/devel/share/roseus/ros/pal_web_msgs/msg/GetUserInputAction.l
Symlinking /home/tomer/cogrob_project/devel/share/roseus/ros/pal_web_msgs/msg/GetUserInputFeedback.l
Symlinking /home/tomer/cogrob_project/devel/share/roseus/ros/pal_web_msgs/msg/GetUserInputResult.l
Symlinking /home/tomer/cogrob_project/devel/share/roseus/ros/pal_web_msgs/msg/GetUserInputActionResult.l
Symlinking /home/tomer/cogrob_project/devel/share/gennodejs/ros/pal_web_msgs/_index.js
Symlinking /home/tomer/cogrob_project/devel/share/gennodejs/ros/pal_web_msgs/msg/GetUserInputGoal.js
Symlinking /home/tomer/cogrob_project/devel/share/gennodejs/ros/pal_web_msgs/msg/WebGoTo.js
Symlinking /home/tomer/cogrob_project/devel/share/gennodejs/ros/pal_web_msgs/msg/GetUserInputActionResult.js
Symlinking /home/tomer/cogrob_project/devel/share/gennodejs/ros/pal_web_msgs/msg/GetUserInputFeedback.js
Symlinking /home/tomer/cogrob_project/devel/share/gennodejs/ros/pal_web_msgs/msg/GetUserInputResult.js
Symlinking /home/tomer/cogrob_project/devel/share/gennodejs/ros/pal_web_msgs/msg/_index.js
Symlinking /home/tomer/cogrob_project/devel/share/gennodejs/ros/pal_web_msgs/msg/GetUserInputActionGoal.js
Symlinking /home/tomer/cogrob_project/devel/share/gennodejs/ros/pal_web_msgs/msg/GetUserInputActionFeedback.js
Symlinking /home/tomer/cogrob_project/devel/share/gennodejs/ros/pal_web_msgs/msg/GetUserInputAction.js
Symlinking /home/tomer/cogrob_project/devel/lib/python3/dist-packages/pal_web_msgs/__init__.py
Symlinking /home/tomer/cogrob_project/devel/lib/python3/dist-packages/pal_web_msgs/msg/__init__.py
Symlinking /home/tomer/cogrob_project/devel/lib/python3/dist-packages/pal_web_msgs/msg/_GetUserInputFeedback.py
Symlinking /home/tomer/cogrob_project/devel/lib/python3/dist-packages/pal_web_msgs/msg/_GetUserInputActionResult.py
Symlinking /home/tomer/cogrob_project/devel/lib/python3/dist-packages/pal_web_msgs/msg/_GetUserInputGoal.py
Symlinking /home/tomer/cogrob_project/devel/lib/python3/dist-packages/pal_web_msgs/msg/_WebGoTo.py
Symlinking /home/tomer/cogrob_project/devel/lib/python3/dist-packages/pal_web_msgs/msg/_GetUserInputResult.py
Symlinking /home/tomer/cogrob_project/devel/lib/python3/dist-packages/pal_web_msgs/msg/_GetUserInputActionFeedback.py
Symlinking /home/tomer/cogrob_project/devel/lib/python3/dist-packages/pal_web_msgs/msg/_GetUserInputActionGoal.py
Symlinking /home/tomer/cogrob_project/devel/lib/python3/dist-packages/pal_web_msgs/msg/_GetUserInputAction.py
Symlinking /home/tomer/cogrob_project/devel/lib/pkgconfig/pal_web_msgs.pc
