[35m[1mScanning dependencies of target _controller_manager_msgs_generate_messages_check_deps_HardwareInterfaceResources[0m
[  0%] Built target _controller_manager_msgs_generate_messages_check_deps_HardwareInterfaceResources
[35m[1mScanning dependencies of target _controller_manager_msgs_generate_messages_check_deps_ControllerState[0m
[  0%] Built target _controller_manager_msgs_generate_messages_check_deps_ControllerState
[35m[1mScanning dependencies of target _controller_manager_msgs_generate_messages_check_deps_ListControllerTypes[0m
[  0%] Built target _controller_manager_msgs_generate_messages_check_deps_ListControllerTypes
[35m[1mScanning dependencies of target _controller_manager_msgs_generate_messages_check_deps_ControllersStatistics[0m
[  0%] Built target _controller_manager_msgs_generate_messages_check_deps_ControllersStatistics
[35m[1mScanning dependencies of target _controller_manager_msgs_generate_messages_check_deps_SwitchController[0m
[  0%] Built target _controller_manager_msgs_generate_messages_check_deps_SwitchController
[35m[1mScanning dependencies of target _controller_manager_msgs_generate_messages_check_deps_ControllerStatistics[0m
[  0%] Built target _controller_manager_msgs_generate_messages_check_deps_ControllerStatistics
[35m[1mScanning dependencies of target std_msgs_generate_messages_lisp[0m
[  0%] Built target std_msgs_generate_messages_lisp
[35m[1mScanning dependencies of target _controller_manager_msgs_generate_messages_check_deps_LoadController[0m
[  0%] Built target _controller_manager_msgs_generate_messages_check_deps_LoadController
[35m[1mScanning dependencies of target _controller_manager_msgs_generate_messages_check_deps_UnloadController[0m
[  0%] Built target _controller_manager_msgs_generate_messages_check_deps_UnloadController
[35m[1mScanning dependencies of target _controller_manager_msgs_generate_messages_check_deps_ListControllers[0m
[  0%] Built target _controller_manager_msgs_generate_messages_check_deps_ListControllers
[35m[1mScanning dependencies of target _controller_manager_msgs_generate_messages_check_deps_ReloadControllerLibraries[0m
[  0%] Built target _controller_manager_msgs_generate_messages_check_deps_ReloadControllerLibraries
[35m[1mScanning dependencies of target std_msgs_generate_messages_py[0m
[  0%] Built target std_msgs_generate_messages_py
[35m[1mScanning dependencies of target std_msgs_generate_messages_nodejs[0m
[  0%] Built target std_msgs_generate_messages_nodejs
[35m[1mScanning dependencies of target std_msgs_generate_messages_cpp[0m
[  0%] Built target std_msgs_generate_messages_cpp
[35m[1mScanning dependencies of target std_msgs_generate_messages_eus[0m
[  0%] Built target std_msgs_generate_messages_eus
[35m[1mScanning dependencies of target controller_manager_msgs_generate_messages_lisp[0m
[  1%] [34m[1mGenerating Lisp code from controller_manager_msgs/ControllerState.msg[0m
[  3%] [34m[1mGenerating Lisp code from controller_manager_msgs/ControllerStatistics.msg[0m
[  5%] [34m[1mGenerating Lisp code from controller_manager_msgs/ControllersStatistics.msg[0m
[  7%] [34m[1mGenerating Lisp code from controller_manager_msgs/HardwareInterfaceResources.msg[0m
[  9%] [34m[1mGenerating Lisp code from controller_manager_msgs/ListControllerTypes.srv[0m
[ 11%] [34m[1mGenerating Lisp code from controller_manager_msgs/ListControllers.srv[0m
[ 13%] [34m[1mGenerating Lisp code from controller_manager_msgs/LoadController.srv[0m
[ 15%] [34m[1mGenerating Lisp code from controller_manager_msgs/ReloadControllerLibraries.srv[0m
[ 16%] [34m[1mGenerating Lisp code from controller_manager_msgs/SwitchController.srv[0m
[ 18%] [34m[1mGenerating Lisp code from controller_manager_msgs/UnloadController.srv[0m
[ 18%] Built target controller_manager_msgs_generate_messages_lisp
[35m[1mScanning dependencies of target controller_manager_msgs_generate_messages_py[0m
[ 20%] [34m[1mGenerating Python from MSG controller_manager_msgs/ControllerState[0m
[ 22%] [34m[1mGenerating Python from MSG controller_manager_msgs/ControllerStatistics[0m
[ 24%] [34m[1mGenerating Python from MSG controller_manager_msgs/ControllersStatistics[0m
[ 26%] [34m[1mGenerating Python from MSG controller_manager_msgs/HardwareInterfaceResources[0m
[ 28%] [34m[1mGenerating Python code from SRV controller_manager_msgs/ListControllerTypes[0m
[ 30%] [34m[1mGenerating Python code from SRV controller_manager_msgs/ListControllers[0m
[ 32%] [34m[1mGenerating Python code from SRV controller_manager_msgs/LoadController[0m
[ 33%] [34m[1mGenerating Python code from SRV controller_manager_msgs/ReloadControllerLibraries[0m
[ 35%] [34m[1mGenerating Python code from SRV controller_manager_msgs/SwitchController[0m
[ 37%] [34m[1mGenerating Python code from SRV controller_manager_msgs/UnloadController[0m
[ 39%] [34m[1mGenerating Python msg __init__.py for controller_manager_msgs[0m
[ 41%] [34m[1mGenerating Python srv __init__.py for controller_manager_msgs[0m
[ 41%] Built target controller_manager_msgs_generate_messages_py
[35m[1mScanning dependencies of target controller_manager_msgs_generate_messages_nodejs[0m
[ 43%] [34m[1mGenerating Javascript code from controller_manager_msgs/ControllerState.msg[0m
[ 45%] [34m[1mGenerating Javascript code from controller_manager_msgs/ControllerStatistics.msg[0m
[ 47%] [34m[1mGenerating Javascript code from controller_manager_msgs/ControllersStatistics.msg[0m
[ 49%] [34m[1mGenerating Javascript code from controller_manager_msgs/HardwareInterfaceResources.msg[0m
[ 50%] [34m[1mGenerating Javascript code from controller_manager_msgs/ListControllerTypes.srv[0m
[ 52%] [34m[1mGenerating Javascript code from controller_manager_msgs/ListControllers.srv[0m
[ 54%] [34m[1mGenerating Javascript code from controller_manager_msgs/LoadController.srv[0m
[ 56%] [34m[1mGenerating Javascript code from controller_manager_msgs/ReloadControllerLibraries.srv[0m
[ 58%] [34m[1mGenerating Javascript code from controller_manager_msgs/SwitchController.srv[0m
[ 60%] [34m[1mGenerating Javascript code from controller_manager_msgs/UnloadController.srv[0m
[ 60%] Built target controller_manager_msgs_generate_messages_nodejs
[35m[1mScanning dependencies of target controller_manager_msgs_generate_messages_cpp[0m
[ 62%] [34m[1mGenerating C++ code from controller_manager_msgs/ControllerState.msg[0m
[ 64%] [34m[1mGenerating C++ code from controller_manager_msgs/ControllerStatistics.msg[0m
[ 66%] [34m[1mGenerating C++ code from controller_manager_msgs/ControllersStatistics.msg[0m
[ 67%] [34m[1mGenerating C++ code from controller_manager_msgs/HardwareInterfaceResources.msg[0m
[35m[1mScanning dependencies of target controller_manager_msgs_generate_messages_eus[0m
[ 69%] [34m[1mGenerating EusLisp code from controller_manager_msgs/ControllerState.msg[0m
[ 71%] [34m[1mGenerating C++ code from controller_manager_msgs/ListControllerTypes.srv[0m
[ 73%] [34m[1mGenerating EusLisp code from controller_manager_msgs/ControllerStatistics.msg[0m
[ 75%] [34m[1mGenerating EusLisp code from controller_manager_msgs/ControllersStatistics.msg[0m
[ 77%] [34m[1mGenerating C++ code from controller_manager_msgs/ListControllers.srv[0m
[ 79%] [34m[1mGenerating EusLisp code from controller_manager_msgs/HardwareInterfaceResources.msg[0m
[ 81%] [34m[1mGenerating EusLisp code from controller_manager_msgs/ListControllerTypes.srv[0m
[ 83%] [34m[1mGenerating C++ code from controller_manager_msgs/LoadController.srv[0m
[ 84%] [34m[1mGenerating EusLisp code from controller_manager_msgs/ListControllers.srv[0m
[ 86%] [34m[1mGenerating EusLisp code from controller_manager_msgs/LoadController.srv[0m
[ 88%] [34m[1mGenerating C++ code from controller_manager_msgs/ReloadControllerLibraries.srv[0m
[ 90%] [34m[1mGenerating EusLisp code from controller_manager_msgs/ReloadControllerLibraries.srv[0m
[ 92%] [34m[1mGenerating EusLisp code from controller_manager_msgs/SwitchController.srv[0m
[ 94%] [34m[1mGenerating C++ code from controller_manager_msgs/SwitchController.srv[0m
[ 96%] [34m[1mGenerating EusLisp code from controller_manager_msgs/UnloadController.srv[0m
[ 98%] [34m[1mGenerating EusLisp manifest code for controller_manager_msgs[0m
[100%] [34m[1mGenerating C++ code from controller_manager_msgs/UnloadController.srv[0m
[100%] Built target controller_manager_msgs_generate_messages_cpp
[100%] Built target controller_manager_msgs_generate_messages_eus
[35m[1mScanning dependencies of target controller_manager_msgs_generate_messages[0m
[100%] Built target controller_manager_msgs_generate_messages
