[35m[1mScanning dependencies of target _temperature_sensor_controller_generate_messages_check_deps_ActuatorTemperatureState[0m
[  0%] Built target _temperature_sensor_controller_generate_messages_check_deps_ActuatorTemperatureState
[35m[1mScanning dependencies of target std_msgs_generate_messages_py[0m
[  0%] Built target std_msgs_generate_messages_py
[35m[1mScanning dependencies of target std_msgs_generate_messages_nodejs[0m
[  0%] Built target std_msgs_generate_messages_nodejs
[35m[1mScanning dependencies of target std_msgs_generate_messages_lisp[0m
[  0%] Built target std_msgs_generate_messages_lisp
[35m[1mScanning dependencies of target std_msgs_generate_messages_eus[0m
[  0%] Built target std_msgs_generate_messages_eus
[35m[1mScanning dependencies of target std_msgs_generate_messages_cpp[0m
[  0%] Built target std_msgs_generate_messages_cpp
[35m[1mScanning dependencies of target geometry_msgs_generate_messages_eus[0m
[  0%] Built target geometry_msgs_generate_messages_eus
[35m[1mScanning dependencies of target roscpp_generate_messages_lisp[0m
[  0%] Built target roscpp_generate_messages_lisp
[35m[1mScanning dependencies of target geometry_msgs_generate_messages_nodejs[0m
[  0%] Built target geometry_msgs_generate_messages_nodejs
[35m[1mScanning dependencies of target rosgraph_msgs_generate_messages_eus[0m
[  0%] Built target rosgraph_msgs_generate_messages_eus
[35m[1mScanning dependencies of target rosgraph_msgs_generate_messages_cpp[0m
[  0%] Built target rosgraph_msgs_generate_messages_cpp
[35m[1mScanning dependencies of target roscpp_generate_messages_nodejs[0m
[  0%] Built target roscpp_generate_messages_nodejs
[35m[1mScanning dependencies of target geometry_msgs_generate_messages_lisp[0m
[  0%] Built target geometry_msgs_generate_messages_lisp
[35m[1mScanning dependencies of target rosgraph_msgs_generate_messages_nodejs[0m
[  0%] Built target rosgraph_msgs_generate_messages_nodejs
[35m[1mScanning dependencies of target geometry_msgs_generate_messages_cpp[0m
[  0%] Built target geometry_msgs_generate_messages_cpp
[35m[1mScanning dependencies of target roscpp_generate_messages_eus[0m
[  0%] Built target roscpp_generate_messages_eus
[35m[1mScanning dependencies of target sensor_msgs_generate_messages_lisp[0m
[  0%] Built target sensor_msgs_generate_messages_lisp
[35m[1mScanning dependencies of target sensor_msgs_generate_messages_nodejs[0m
[  0%] Built target sensor_msgs_generate_messages_nodejs
[35m[1mScanning dependencies of target sensor_msgs_generate_messages_py[0m
[  0%] Built target sensor_msgs_generate_messages_py
[35m[1mScanning dependencies of target geometry_msgs_generate_messages_py[0m
[  0%] Built target geometry_msgs_generate_messages_py
[35m[1mScanning dependencies of target roscpp_generate_messages_py[0m
[  0%] Built target roscpp_generate_messages_py
[35m[1mScanning dependencies of target roscpp_generate_messages_cpp[0m
[  0%] Built target roscpp_generate_messages_cpp
[35m[1mScanning dependencies of target sensor_msgs_generate_messages_eus[0m
[  0%] Built target sensor_msgs_generate_messages_eus
[35m[1mScanning dependencies of target rosgraph_msgs_generate_messages_py[0m
[  0%] Built target rosgraph_msgs_generate_messages_py
[35m[1mScanning dependencies of target rosgraph_msgs_generate_messages_lisp[0m
[  0%] Built target rosgraph_msgs_generate_messages_lisp
[35m[1mScanning dependencies of target sensor_msgs_generate_messages_cpp[0m
[  0%] Built target sensor_msgs_generate_messages_cpp
[35m[1mScanning dependencies of target temperature_sensor_controller_generate_messages_py[0m
[ 11%] [34m[1mGenerating Python from MSG temperature_sensor_controller/ActuatorTemperatureState[0m
[ 22%] [34m[1mGenerating Python msg __init__.py for temperature_sensor_controller[0m
[ 22%] Built target temperature_sensor_controller_generate_messages_py
[35m[1mScanning dependencies of target temperature_sensor_controller_generate_messages_nodejs[0m
[ 33%] [34m[1mGenerating Javascript code from temperature_sensor_controller/ActuatorTemperatureState.msg[0m
[ 33%] Built target temperature_sensor_controller_generate_messages_nodejs
[35m[1mScanning dependencies of target temperature_sensor_controller_generate_messages_lisp[0m
[ 44%] [34m[1mGenerating Lisp code from temperature_sensor_controller/ActuatorTemperatureState.msg[0m
[ 44%] Built target temperature_sensor_controller_generate_messages_lisp
[35m[1mScanning dependencies of target temperature_sensor_controller_generate_messages_eus[0m
[ 55%] [34m[1mGenerating EusLisp code from temperature_sensor_controller/ActuatorTemperatureState.msg[0m
[ 66%] [34m[1mGenerating EusLisp manifest code for temperature_sensor_controller[0m
[ 66%] Built target temperature_sensor_controller_generate_messages_eus
[35m[1mScanning dependencies of target temperature_sensor_controller_generate_messages_cpp[0m
[ 77%] [34m[1mGenerating C++ code from temperature_sensor_controller/ActuatorTemperatureState.msg[0m
[ 77%] Built target temperature_sensor_controller_generate_messages_cpp
[35m[1mScanning dependencies of target temperature_sensor_controller_generate_messages[0m
[ 77%] Built target temperature_sensor_controller_generate_messages
[35m[1mScanning dependencies of target temperature_sensor_controller[0m
[ 88%] [32mBuilding CXX object CMakeFiles/temperature_sensor_controller.dir/src/temperature_sensor_controller.cpp.o[0m
[100%] [32m[1mLinking CXX shared library /home/tomer/cogrob_project/devel/.private/temperature_sensor_controller/lib/libtemperature_sensor_controller.so[0m
[100%] Built target temperature_sensor_controller
