Symlinking /home/tomer/cogrob_project/devel/include/pal_control_msgs/CurrentLimit.h
Symlinking /home/tomer/cogrob_project/devel/include/pal_control_msgs/MotionManagerResult.h
Symlinking /home/tomer/cogrob_project/devel/include/pal_control_msgs/RigidBodyTrajectoryResult.h
Symlinking /home/tomer/cogrob_project/devel/include/pal_control_msgs/RigidBodyTrajectoryActionResult.h
Symlinking /home/tomer/cogrob_project/devel/include/pal_control_msgs/MotionManagerActionFeedback.h
Symlinking /home/tomer/cogrob_project/devel/include/pal_control_msgs/MotionManagerActionResult.h
Symlinking /home/tomer/cogrob_project/devel/include/pal_control_msgs/MotionManagerFeedback.h
Symlinking /home/tomer/cogrob_project/devel/include/pal_control_msgs/CurrentLimitRequest.h
Symlinking /home/tomer/cogrob_project/devel/include/pal_control_msgs/MotionManagerGoal.h
Symlinking /home/tomer/cogrob_project/devel/include/pal_control_msgs/RigidBodyTrajectoryActionGoal.h
Symlinking /home/tomer/cogrob_project/devel/include/pal_control_msgs/CurrentLimitResponse.h
Symlinking /home/tomer/cogrob_project/devel/include/pal_control_msgs/RigidBodyTrajectoryAction.h
Symlinking /home/tomer/cogrob_project/devel/include/pal_control_msgs/RigidBodyTrajectoryActionFeedback.h
Symlinking /home/tomer/cogrob_project/devel/include/pal_control_msgs/ActuatorCurrentLimit.h
Symlinking /home/tomer/cogrob_project/devel/include/pal_control_msgs/RigidBodyTrajectoryPoint.h
Symlinking /home/tomer/cogrob_project/devel/include/pal_control_msgs/RigidBodyTrajectoryFeedback.h
Symlinking /home/tomer/cogrob_project/devel/include/pal_control_msgs/MotionManagerAction.h
Symlinking /home/tomer/cogrob_project/devel/include/pal_control_msgs/RigidBodyTrajectoryGoal.h
Symlinking /home/tomer/cogrob_project/devel/include/pal_control_msgs/OperationalSpaceGoal.h
Symlinking /home/tomer/cogrob_project/devel/include/pal_control_msgs/MotionManagerActionGoal.h
Symlinking /home/tomer/cogrob_project/devel/share/common-lisp/ros/pal_control_msgs/msg/MotionManagerActionResult.lisp
Symlinking /home/tomer/cogrob_project/devel/share/common-lisp/ros/pal_control_msgs/msg/MotionManagerFeedback.lisp
Symlinking /home/tomer/cogrob_project/devel/share/common-lisp/ros/pal_control_msgs/msg/_package_MotionManagerActionFeedback.lisp
Symlinking /home/tomer/cogrob_project/devel/share/common-lisp/ros/pal_control_msgs/msg/_package_ActuatorCurrentLimit.lisp
Symlinking /home/tomer/cogrob_project/devel/share/common-lisp/ros/pal_control_msgs/msg/pal_control_msgs-msg.asd
Symlinking /home/tomer/cogrob_project/devel/share/common-lisp/ros/pal_control_msgs/msg/_package_OperationalSpaceGoal.lisp
Symlinking /home/tomer/cogrob_project/devel/share/common-lisp/ros/pal_control_msgs/msg/_package_MotionManagerFeedback.lisp
Symlinking /home/tomer/cogrob_project/devel/share/common-lisp/ros/pal_control_msgs/msg/OperationalSpaceGoal.lisp
Symlinking /home/tomer/cogrob_project/devel/share/common-lisp/ros/pal_control_msgs/msg/MotionManagerAction.lisp
Symlinking /home/tomer/cogrob_project/devel/share/common-lisp/ros/pal_control_msgs/msg/MotionManagerResult.lisp
Symlinking /home/tomer/cogrob_project/devel/share/common-lisp/ros/pal_control_msgs/msg/_package_MotionManagerActionGoal.lisp
Symlinking /home/tomer/cogrob_project/devel/share/common-lisp/ros/pal_control_msgs/msg/RigidBodyTrajectoryAction.lisp
Symlinking /home/tomer/cogrob_project/devel/share/common-lisp/ros/pal_control_msgs/msg/_package_RigidBodyTrajectoryActionFeedback.lisp
Symlinking /home/tomer/cogrob_project/devel/share/common-lisp/ros/pal_control_msgs/msg/_package_MotionManagerResult.lisp
Symlinking /home/tomer/cogrob_project/devel/share/common-lisp/ros/pal_control_msgs/msg/RigidBodyTrajectoryResult.lisp
Symlinking /home/tomer/cogrob_project/devel/share/common-lisp/ros/pal_control_msgs/msg/_package_RigidBodyTrajectoryAction.lisp
Symlinking /home/tomer/cogrob_project/devel/share/common-lisp/ros/pal_control_msgs/msg/_package_RigidBodyTrajectoryGoal.lisp
Symlinking /home/tomer/cogrob_project/devel/share/common-lisp/ros/pal_control_msgs/msg/_package.lisp
Symlinking /home/tomer/cogrob_project/devel/share/common-lisp/ros/pal_control_msgs/msg/_package_RigidBodyTrajectoryPoint.lisp
Symlinking /home/tomer/cogrob_project/devel/share/common-lisp/ros/pal_control_msgs/msg/_package_RigidBodyTrajectoryResult.lisp
Symlinking /home/tomer/cogrob_project/devel/share/common-lisp/ros/pal_control_msgs/msg/_package_RigidBodyTrajectoryFeedback.lisp
Symlinking /home/tomer/cogrob_project/devel/share/common-lisp/ros/pal_control_msgs/msg/_package_RigidBodyTrajectoryActionGoal.lisp
Symlinking /home/tomer/cogrob_project/devel/share/common-lisp/ros/pal_control_msgs/msg/_package_RigidBodyTrajectoryActionResult.lisp
Symlinking /home/tomer/cogrob_project/devel/share/common-lisp/ros/pal_control_msgs/msg/MotionManagerActionGoal.lisp
Symlinking /home/tomer/cogrob_project/devel/share/common-lisp/ros/pal_control_msgs/msg/RigidBodyTrajectoryPoint.lisp
Symlinking /home/tomer/cogrob_project/devel/share/common-lisp/ros/pal_control_msgs/msg/_package_MotionManagerGoal.lisp
Symlinking /home/tomer/cogrob_project/devel/share/common-lisp/ros/pal_control_msgs/msg/RigidBodyTrajectoryActionGoal.lisp
Symlinking /home/tomer/cogrob_project/devel/share/common-lisp/ros/pal_control_msgs/msg/_package_MotionManagerAction.lisp
Symlinking /home/tomer/cogrob_project/devel/share/common-lisp/ros/pal_control_msgs/msg/RigidBodyTrajectoryFeedback.lisp
Symlinking /home/tomer/cogrob_project/devel/share/common-lisp/ros/pal_control_msgs/msg/MotionManagerActionFeedback.lisp
Symlinking /home/tomer/cogrob_project/devel/share/common-lisp/ros/pal_control_msgs/msg/MotionManagerGoal.lisp
Symlinking /home/tomer/cogrob_project/devel/share/common-lisp/ros/pal_control_msgs/msg/RigidBodyTrajectoryActionResult.lisp
Symlinking /home/tomer/cogrob_project/devel/share/common-lisp/ros/pal_control_msgs/msg/RigidBodyTrajectoryGoal.lisp
Symlinking /home/tomer/cogrob_project/devel/share/common-lisp/ros/pal_control_msgs/msg/_package_MotionManagerActionResult.lisp
Symlinking /home/tomer/cogrob_project/devel/share/common-lisp/ros/pal_control_msgs/msg/RigidBodyTrajectoryActionFeedback.lisp
Symlinking /home/tomer/cogrob_project/devel/share/common-lisp/ros/pal_control_msgs/msg/ActuatorCurrentLimit.lisp
Symlinking /home/tomer/cogrob_project/devel/share/common-lisp/ros/pal_control_msgs/srv/pal_control_msgs-srv.asd
Symlinking /home/tomer/cogrob_project/devel/share/common-lisp/ros/pal_control_msgs/srv/_package.lisp
Symlinking /home/tomer/cogrob_project/devel/share/common-lisp/ros/pal_control_msgs/srv/CurrentLimit.lisp
Symlinking /home/tomer/cogrob_project/devel/share/common-lisp/ros/pal_control_msgs/srv/_package_CurrentLimit.lisp
Symlinking /home/tomer/cogrob_project/devel/share/roseus/ros/pal_control_msgs/manifest.l
Symlinking /home/tomer/cogrob_project/devel/share/roseus/ros/pal_control_msgs/msg/MotionManagerAction.l
Symlinking /home/tomer/cogrob_project/devel/share/roseus/ros/pal_control_msgs/msg/OperationalSpaceGoal.l
Symlinking /home/tomer/cogrob_project/devel/share/roseus/ros/pal_control_msgs/msg/MotionManagerActionGoal.l
Symlinking /home/tomer/cogrob_project/devel/share/roseus/ros/pal_control_msgs/msg/RigidBodyTrajectoryActionFeedback.l
Symlinking /home/tomer/cogrob_project/devel/share/roseus/ros/pal_control_msgs/msg/RigidBodyTrajectoryActionGoal.l
Symlinking /home/tomer/cogrob_project/devel/share/roseus/ros/pal_control_msgs/msg/RigidBodyTrajectoryPoint.l
Symlinking /home/tomer/cogrob_project/devel/share/roseus/ros/pal_control_msgs/msg/MotionManagerActionResult.l
Symlinking /home/tomer/cogrob_project/devel/share/roseus/ros/pal_control_msgs/msg/MotionManagerGoal.l
Symlinking /home/tomer/cogrob_project/devel/share/roseus/ros/pal_control_msgs/msg/RigidBodyTrajectoryResult.l
Symlinking /home/tomer/cogrob_project/devel/share/roseus/ros/pal_control_msgs/msg/RigidBodyTrajectoryGoal.l
Symlinking /home/tomer/cogrob_project/devel/share/roseus/ros/pal_control_msgs/msg/MotionManagerResult.l
Symlinking /home/tomer/cogrob_project/devel/share/roseus/ros/pal_control_msgs/msg/RigidBodyTrajectoryAction.l
Symlinking /home/tomer/cogrob_project/devel/share/roseus/ros/pal_control_msgs/msg/RigidBodyTrajectoryFeedback.l
Symlinking /home/tomer/cogrob_project/devel/share/roseus/ros/pal_control_msgs/msg/RigidBodyTrajectoryActionResult.l
Symlinking /home/tomer/cogrob_project/devel/share/roseus/ros/pal_control_msgs/msg/MotionManagerActionFeedback.l
Symlinking /home/tomer/cogrob_project/devel/share/roseus/ros/pal_control_msgs/msg/MotionManagerFeedback.l
Symlinking /home/tomer/cogrob_project/devel/share/roseus/ros/pal_control_msgs/msg/ActuatorCurrentLimit.l
Symlinking /home/tomer/cogrob_project/devel/share/roseus/ros/pal_control_msgs/srv/CurrentLimit.l
Symlinking /home/tomer/cogrob_project/devel/share/pal_control_msgs/cmake/pal_control_msgsConfig.cmake
Symlinking /home/tomer/cogrob_project/devel/share/pal_control_msgs/cmake/pal_control_msgs-msg-extras.cmake
Symlinking /home/tomer/cogrob_project/devel/share/pal_control_msgs/cmake/pal_control_msgsConfig-version.cmake
Symlinking /home/tomer/cogrob_project/devel/share/pal_control_msgs/cmake/pal_control_msgs-msg-paths.cmake
Symlinking /home/tomer/cogrob_project/devel/share/pal_control_msgs/msg/MotionManagerActionFeedback.msg
Symlinking /home/tomer/cogrob_project/devel/share/pal_control_msgs/msg/RigidBodyTrajectoryActionFeedback.msg
Symlinking /home/tomer/cogrob_project/devel/share/pal_control_msgs/msg/RigidBodyTrajectoryActionGoal.msg
Symlinking /home/tomer/cogrob_project/devel/share/pal_control_msgs/msg/RigidBodyTrajectoryActionResult.msg
Symlinking /home/tomer/cogrob_project/devel/share/pal_control_msgs/msg/MotionManagerGoal.msg
Symlinking /home/tomer/cogrob_project/devel/share/pal_control_msgs/msg/RigidBodyTrajectoryResult.msg
Symlinking /home/tomer/cogrob_project/devel/share/pal_control_msgs/msg/MotionManagerFeedback.msg
Symlinking /home/tomer/cogrob_project/devel/share/pal_control_msgs/msg/RigidBodyTrajectoryFeedback.msg
Symlinking /home/tomer/cogrob_project/devel/share/pal_control_msgs/msg/RigidBodyTrajectoryGoal.msg
Symlinking /home/tomer/cogrob_project/devel/share/pal_control_msgs/msg/RigidBodyTrajectoryAction.msg
Symlinking /home/tomer/cogrob_project/devel/share/pal_control_msgs/msg/MotionManagerActionResult.msg
Symlinking /home/tomer/cogrob_project/devel/share/pal_control_msgs/msg/MotionManagerResult.msg
Symlinking /home/tomer/cogrob_project/devel/share/pal_control_msgs/msg/MotionManagerActionGoal.msg
Symlinking /home/tomer/cogrob_project/devel/share/pal_control_msgs/msg/MotionManagerAction.msg
Symlinking /home/tomer/cogrob_project/devel/share/gennodejs/ros/pal_control_msgs/_index.js
Symlinking /home/tomer/cogrob_project/devel/share/gennodejs/ros/pal_control_msgs/msg/RigidBodyTrajectoryGoal.js
Symlinking /home/tomer/cogrob_project/devel/share/gennodejs/ros/pal_control_msgs/msg/MotionManagerAction.js
Symlinking /home/tomer/cogrob_project/devel/share/gennodejs/ros/pal_control_msgs/msg/RigidBodyTrajectoryActionFeedback.js
Symlinking /home/tomer/cogrob_project/devel/share/gennodejs/ros/pal_control_msgs/msg/MotionManagerActionResult.js
Symlinking /home/tomer/cogrob_project/devel/share/gennodejs/ros/pal_control_msgs/msg/RigidBodyTrajectoryResult.js
Symlinking /home/tomer/cogrob_project/devel/share/gennodejs/ros/pal_control_msgs/msg/MotionManagerFeedback.js
Symlinking /home/tomer/cogrob_project/devel/share/gennodejs/ros/pal_control_msgs/msg/MotionManagerGoal.js
Symlinking /home/tomer/cogrob_project/devel/share/gennodejs/ros/pal_control_msgs/msg/_index.js
Symlinking /home/tomer/cogrob_project/devel/share/gennodejs/ros/pal_control_msgs/msg/RigidBodyTrajectoryFeedback.js
Symlinking /home/tomer/cogrob_project/devel/share/gennodejs/ros/pal_control_msgs/msg/RigidBodyTrajectoryActionGoal.js
Symlinking /home/tomer/cogrob_project/devel/share/gennodejs/ros/pal_control_msgs/msg/RigidBodyTrajectoryAction.js
Symlinking /home/tomer/cogrob_project/devel/share/gennodejs/ros/pal_control_msgs/msg/RigidBodyTrajectoryActionResult.js
Symlinking /home/tomer/cogrob_project/devel/share/gennodejs/ros/pal_control_msgs/msg/ActuatorCurrentLimit.js
Symlinking /home/tomer/cogrob_project/devel/share/gennodejs/ros/pal_control_msgs/msg/OperationalSpaceGoal.js
Symlinking /home/tomer/cogrob_project/devel/share/gennodejs/ros/pal_control_msgs/msg/MotionManagerActionFeedback.js
Symlinking /home/tomer/cogrob_project/devel/share/gennodejs/ros/pal_control_msgs/msg/MotionManagerActionGoal.js
Symlinking /home/tomer/cogrob_project/devel/share/gennodejs/ros/pal_control_msgs/msg/RigidBodyTrajectoryPoint.js
Symlinking /home/tomer/cogrob_project/devel/share/gennodejs/ros/pal_control_msgs/msg/MotionManagerResult.js
Symlinking /home/tomer/cogrob_project/devel/share/gennodejs/ros/pal_control_msgs/srv/_index.js
Symlinking /home/tomer/cogrob_project/devel/share/gennodejs/ros/pal_control_msgs/srv/CurrentLimit.js
Symlinking /home/tomer/cogrob_project/devel/lib/python3/dist-packages/pal_control_msgs/__init__.py
Symlinking /home/tomer/cogrob_project/devel/lib/python3/dist-packages/pal_control_msgs/msg/__init__.py
Symlinking /home/tomer/cogrob_project/devel/lib/python3/dist-packages/pal_control_msgs/msg/_RigidBodyTrajectoryPoint.py
Symlinking /home/tomer/cogrob_project/devel/lib/python3/dist-packages/pal_control_msgs/msg/_RigidBodyTrajectoryActionResult.py
Symlinking /home/tomer/cogrob_project/devel/lib/python3/dist-packages/pal_control_msgs/msg/_ActuatorCurrentLimit.py
Symlinking /home/tomer/cogrob_project/devel/lib/python3/dist-packages/pal_control_msgs/msg/_OperationalSpaceGoal.py
Symlinking /home/tomer/cogrob_project/devel/lib/python3/dist-packages/pal_control_msgs/msg/_RigidBodyTrajectoryFeedback.py
Symlinking /home/tomer/cogrob_project/devel/lib/python3/dist-packages/pal_control_msgs/msg/_MotionManagerActionGoal.py
Symlinking /home/tomer/cogrob_project/devel/lib/python3/dist-packages/pal_control_msgs/msg/_RigidBodyTrajectoryResult.py
Symlinking /home/tomer/cogrob_project/devel/lib/python3/dist-packages/pal_control_msgs/msg/_MotionManagerAction.py
Symlinking /home/tomer/cogrob_project/devel/lib/python3/dist-packages/pal_control_msgs/msg/_RigidBodyTrajectoryActionFeedback.py
Symlinking /home/tomer/cogrob_project/devel/lib/python3/dist-packages/pal_control_msgs/msg/_RigidBodyTrajectoryAction.py
Symlinking /home/tomer/cogrob_project/devel/lib/python3/dist-packages/pal_control_msgs/msg/_MotionManagerResult.py
Symlinking /home/tomer/cogrob_project/devel/lib/python3/dist-packages/pal_control_msgs/msg/_MotionManagerActionResult.py
Symlinking /home/tomer/cogrob_project/devel/lib/python3/dist-packages/pal_control_msgs/msg/_MotionManagerActionFeedback.py
Symlinking /home/tomer/cogrob_project/devel/lib/python3/dist-packages/pal_control_msgs/msg/_MotionManagerGoal.py
Symlinking /home/tomer/cogrob_project/devel/lib/python3/dist-packages/pal_control_msgs/msg/_MotionManagerFeedback.py
Symlinking /home/tomer/cogrob_project/devel/lib/python3/dist-packages/pal_control_msgs/msg/_RigidBodyTrajectoryGoal.py
Symlinking /home/tomer/cogrob_project/devel/lib/python3/dist-packages/pal_control_msgs/msg/_RigidBodyTrajectoryActionGoal.py
Symlinking /home/tomer/cogrob_project/devel/lib/python3/dist-packages/pal_control_msgs/srv/__init__.py
Symlinking /home/tomer/cogrob_project/devel/lib/python3/dist-packages/pal_control_msgs/srv/_CurrentLimit.py
Symlinking /home/tomer/cogrob_project/devel/lib/pkgconfig/pal_control_msgs.pc
